2015-04-04 15:31:36.800+0000 INFO  [org.neo4j]: You are using an unsupported version of the Java runtime. Please use Oracle(R) Java(TM) Runtime Environment 7 or OpenJDK(TM) 7.
2015-04-04 15:31:36.834+0000 INFO  [org.neo4j]: No locking implementation specified, defaulting to 'community'
2015-04-04 15:31:36.909+0000 INFO  [org.neo4j]: --- INITIALIZED diagnostics START ---
2015-04-04 15:31:36.910+0000 INFO  [org.neo4j]: Neo4j Kernel properties:
    neostore.propertystore.db.strings.mapped_memory=501M
    ephemeral=false
    neostore.nodestore.db.mapped_memory=158M
    store_dir=ir
    neostore.propertystore.db.arrays.mapped_memory=584M
    neostore.relationshipgroupstore.db.mapped_memory=0M
    neostore.propertystore.db.mapped_memory=572M
    neostore.relationshipstore.db.mapped_memory=677M
2015-04-04 15:31:36.913+0000 INFO  [org.neo4j]: Diagnostics providers:
    org.neo4j.kernel.configuration.Config
    org.neo4j.kernel.info.DiagnosticsManager
    SYSTEM_MEMORY
    JAVA_MEMORY
    OPERATING_SYSTEM
    JAVA_VIRTUAL_MACHINE
    CLASSPATH
    LIBRARY_PATH
    SYSTEM_PROPERTIES
    NETWORK
2015-04-04 15:31:36.914+0000 INFO  [org.neo4j]: System memory information:
    Total Physical memory: 8.00 GB
    Free Physical memory: 2.72 GB
    Committed virtual memory: 5.73 GB
    Total swap space: 1.00 GB
    Free swap space: 956.25 MB
2015-04-04 15:31:36.919+0000 INFO  [org.neo4j]: JVM memory information:
    Free  memory: 104.12 MB
    Total memory: 123.00 MB
    Max   memory: 1.78 GB
    Garbage Collector: PS Scavenge: [PS Eden Space, PS Survivor Space]
    Garbage Collector: PS MarkSweep: [PS Eden Space, PS Survivor Space, PS Old Gen]
    Memory Pool: Code Cache (Non-heap memory): committed=2.44 MB, used=2.28 MB, max=240.00 MB, threshold=0.00 B
    Memory Pool: Metaspace (Non-heap memory): committed=6.63 MB, used=6.32 MB, max=-1.00 B, threshold=0.00 B
    Memory Pool: Compressed Class Space (Non-heap memory): committed=896.00 kB, used=833.77 kB, max=1.00 GB, threshold=0.00 B
    Memory Pool: PS Eden Space (Heap memory): committed=32.50 MB, used=18.88 MB, max=672.50 MB, threshold=?
    Memory Pool: PS Survivor Space (Heap memory): committed=5.00 MB, used=0.00 B, max=5.00 MB, threshold=?
    Memory Pool: PS Old Gen (Heap memory): committed=85.50 MB, used=0.00 B, max=1.33 GB, threshold=0.00 B
2015-04-04 15:31:36.924+0000 INFO  [org.neo4j]: Operating system information:
    Operating System: Mac OS X; version: 10.9.5; arch: x86_64; cpus: 4
    Max number of file descriptors: 10240
    Number of open file descriptors: 43
    Process id: 7326@FuJuns-MacBook-Pro.local
    Byte order: LITTLE_ENDIAN
    Local timezone: America/New_York
2015-04-04 15:31:36.932+0000 INFO  [org.neo4j]: JVM information:
    VM Name: Java HotSpot(TM) 64-Bit Server VM
    VM Vendor: Oracle Corporation
    VM Version: 25.20-b23
    JIT compiler: HotSpot 64-Bit Tiered Compilers
    VM Arguments: [-Dfile.encoding=UTF-8]
2015-04-04 15:31:36.933+0000 INFO  [org.neo4j]: Java classpath:
     [loader.1] file:/System/Library/Java/Extensions/QTJava.zip
     [loader.1] file:/System/Library/Java/Extensions/libQTJNative.jnilib
     [classpath + loader.0] file:/Users/fujun/GitHub/TwitterQA/lib/lucene-core-3.6.2.jar
     [bootstrap] /Library/Java/JavaVirtualMachines/jdk1.8.0_20.jdk/Contents/Home/jre/lib/jfr.jar
     [bootstrap] /Library/Java/JavaVirtualMachines/jdk1.8.0_20.jdk/Contents/Home/jre/lib/rt.jar
     [classpath + loader.0] file:/Users/fujun/GitHub/TwitterQA/lib/neo4j-cypher-compiler-1.9-2.0.3.jar
     [bootstrap] /Library/Java/JavaVirtualMachines/jdk1.8.0_20.jdk/Contents/Home/jre/lib/jce.jar
     [classpath + loader.0] file:/Users/fujun/GitHub/TwitterQA/lib/twitter4j-core-4.0.2.jar
     [bootstrap] /Library/Java/JavaVirtualMachines/jdk1.8.0_20.jdk/Contents/Home/jre/lib/jsse.jar
     [loader.1] file:/Library/Java/JavaVirtualMachines/jdk1.8.0_20.jdk/Contents/Home/jre/lib/ext/localedata.jar
     [classpath + loader.0] file:/Users/fujun/GitHub/TwitterQA/lib/parboiled-core-1.1.6.jar
     [classpath + loader.0] file:/Users/fujun/GitHub/TwitterQA/lib/neo4j-kernel-2.1.7.jar
     [classpath + loader.0] file:/Users/fujun/GitHub/TwitterQA/lib/twitter4j-stream-4.0.2.jar
     [loader.1] file:/Library/Java/JavaVirtualMachines/jdk1.8.0_20.jdk/Contents/Home/jre/lib/ext/cldrdata.jar
     [loader.1] file:/System/Library/Java/Extensions/vecmath.jar
     [classpath + loader.0] file:/Users/fujun/GitHub/TwitterQA/lib/opencsv-2.3.jar
     [classpath + loader.0] file:/Users/fujun/GitHub/TwitterQA/lib/neo4j-jmx-2.1.7.jar
     [loader.1] file:/Library/Java/JavaVirtualMachines/jdk1.8.0_20.jdk/Contents/Home/jre/lib/ext/sunpkcs11.jar
     [loader.1] file:/System/Library/Java/Extensions/libJ3D.jnilib
     [classpath + loader.0] file:/Users/fujun/GitHub/TwitterQA/lib/server-api-2.1.7.jar
     [loader.1] file:/Library/Java/JavaVirtualMachines/jdk1.8.0_20.jdk/Contents/Home/jre/lib/ext/dnsns.jar
     [classpath + loader.0] file:/Users/fujun/GitHub/TwitterQA/lib/scala-library-2.10.4.jar
     [classpath + loader.0] file:/Users/fujun/GitHub/TwitterQA/lib/geronimo-jta_1.1_spec-1.1.1.jar
     [loader.1] file:/System/Library/Java/Extensions/libAppleScriptEngine.jnilib
     [classpath + loader.0] file:/Users/fujun/GitHub/TwitterQA/lib/neo4j-cypher-commons-2.1.7.jar
     [classpath + loader.0] file:/Users/fujun/GitHub/TwitterQA/lib/neo4j-graph-algo-2.1.7.jar
     [classpath + loader.0] file:/Users/fujun/GitHub/TwitterQA/lib/org.apache.servicemix.bundles.jline-0.9.94_1.jar
     [loader.1] file:/System/Library/Java/Extensions/dns_sd.jar
     [loader.1] file:/System/Library/Java/Extensions/MRJToolkit.jar
     [classpath + loader.0] file:/Users/fujun/GitHub/TwitterQA/lib/neo4j-cypher-compiler-2.0-2.0.3.jar
     [bootstrap] /Library/Java/JavaVirtualMachines/jdk1.8.0_20.jdk/Contents/Home/jre/lib/charsets.jar
     [loader.1] file:/Library/Java/JavaVirtualMachines/jdk1.8.0_20.jdk/Contents/Home/jre/lib/ext/jfxrt.jar
     [loader.1] file:/Library/Java/JavaVirtualMachines/jdk1.8.0_20.jdk/Contents/Home/jre/lib/ext/zipfs.jar
     [loader.1] file:/System/Library/Java/Extensions/mlibwrapper_jai.jar
     [classpath + loader.0] file:/Users/fujun/GitHub/TwitterQA/lib/neo4j-cypher-compiler-2.1-2.1.7.jar
     [loader.1] file:/System/Library/Java/Extensions/libJ3DUtils.jnilib
     [loader.1] file:/System/Library/Java/Extensions/j3daudio.jar
     [loader.1] file:/System/Library/Java/Extensions/AppleScriptEngine.jar
     [loader.1] file:/System/Library/Java/Extensions/j3dutils.jar
     [loader.1] file:/System/Library/Java/Extensions/jai_codec.jar
     [classpath + loader.0] file:/Users/fujun/GitHub/TwitterQA/lib/neo4j-cypher-2.1.7.jar
     [loader.1] file:/Library/Java/JavaVirtualMachines/jdk1.8.0_20.jdk/Contents/Home/jre/lib/ext/sunjce_provider.jar
     [classpath + loader.0] file:/Users/fujun/GitHub/TwitterQA/lib/neo4j-primitive-collections-2.1.7.jar
     [classpath + loader.0] file:/Users/fujun/GitHub/TwitterQA/lib/neo4j-shell-2.1.7.jar
     [classpath + loader.0] file:/Users/fujun/GitHub/TwitterQA/lib/concurrentlinkedhashmap-lru-1.3.1.jar
     [classpath + loader.0] file:/Users/fujun/GitHub/TwitterQA/lib/neo4j-udc-2.1.7.jar
     [bootstrap] /Library/Java/JavaVirtualMachines/jdk1.8.0_20.jdk/Contents/Home/jre/lib/sunrsasign.jar
     [loader.1] file:/usr/lib/java/libjdns_sd.jnilib
     [loader.1] file:/System/Library/Java/Extensions/libmlib_jai.jnilib
     [loader.1] file:/Library/Java/JavaVirtualMachines/jdk1.8.0_20.jdk/Contents/Home/jre/lib/ext/nashorn.jar
     [bootstrap] /Library/Java/JavaVirtualMachines/jdk1.8.0_20.jdk/Contents/Home/jre/classes
     [classpath + loader.0] file:/Users/fujun/GitHub/TwitterQA/bin/
     [classpath + loader.0] file:/Users/fujun/GitHub/TwitterQA/lib/parboiled-scala_2.10-1.1.6.jar
     [loader.1] file:/Library/Java/JavaVirtualMachines/jdk1.8.0_20.jdk/Contents/Home/jre/lib/ext/sunec.jar
     [bootstrap] /Library/Java/JavaVirtualMachines/jdk1.8.0_20.jdk/Contents/Home/jre/lib/resources.jar
     [loader.1] file:/System/Library/Java/Extensions/libJ3DAudio.jnilib
     [classpath + loader.0] file:/Users/fujun/GitHub/TwitterQA/lib/neo4j-graph-matching-2.1.7.jar
     [classpath + loader.0] file:/Users/fujun/GitHub/TwitterQA/lib/neo4j-lucene-index-2.1.7.jar
     [loader.1] file:/System/Library/Java/Extensions/j3dcore.jar
     [loader.1] file:/System/Library/Java/Extensions/jai_core.jar
2015-04-04 15:31:36.935+0000 INFO  [org.neo4j]: Library path:
    /Users/fujun/Library/Java/Extensions
    /Library/Java/Extensions
    /Network/Library/Java/Extensions
    /System/Library/Java/Extensions
    /usr/lib/java
    /Users/fujun/GitHub/TwitterQA
2015-04-04 15:31:36.935+0000 INFO  [org.neo4j]: System.properties:
    sun.boot.library.path = /Library/Java/JavaVirtualMachines/jdk1.8.0_20.jdk/Contents/Home/jre/lib
    gopherProxySet = false
    path.separator = :
    file.encoding.pkg = sun.io
    user.country = US
    sun.java.launcher = SUN_STANDARD
    sun.os.patch.level = unknown
    user.dir = /Users/fujun/GitHub/TwitterQA
    sun.jnu.encoding = UTF-8
    sun.management.compiler = HotSpot 64-Bit Tiered Compilers
    http.nonProxyHosts = local|*.local|169.254/16|*.169.254/16
    user.home = /Users/fujun
    user.timezone = America/New_York
    file.encoding = UTF-8
    user.name = fujun
    sun.java.command = qa.datahelper.test
    sun.arch.data.model = 64
    user.language = en
    awt.toolkit = sun.lwawt.macosx.LWCToolkit
    file.separator = /
    sun.io.unicode.encoding = UnicodeBig
    sun.cpu.endian = little
    socksNonProxyHosts = local|*.local|169.254/16|*.169.254/16
    ftp.nonProxyHosts = local|*.local|169.254/16|*.169.254/16
    sun.cpu.isalist = 
2015-04-04 15:31:36.936+0000 INFO  [org.neo4j]: Network information:
    Interface en0:
        address: fe80:0:0:0:82e6:50ff:fe04:e5b0%en0
        address: 150.212.241.114
    Interface lo0:
        address: fe80:0:0:0:0:0:0:1%lo0
        address: 0:0:0:0:0:0:0:1
        address: 127.0.0.1
2015-04-04 15:31:36.940+0000 INFO  [org.neo4j]: --- INITIALIZED diagnostics END ---
2015-04-04 15:31:37.101+0000 INFO  [org.neo4j]: Creating new db @ ir/neostore
2015-04-04 15:31:37.142+0000 INFO  [org.neo4j]: [ir/neostore.relationshiptypestore.db.names] brickCount=0 brickSize=0b mappedMem=0b (storeSize=38b)
2015-04-04 15:31:37.143+0000 INFO  [org.neo4j]: [ir/neostore.relationshiptypestore.db] brickCount=0 brickSize=0b mappedMem=0b (storeSize=0b)
2015-04-04 15:31:37.143+0000 INFO  [org.neo4j]: ir/neostore.relationshiptypestore.db.names hit=0 miss=0 switches=0 ooe=0
2015-04-04 15:31:37.145+0000 INFO  [org.neo4j]: ir/neostore.relationshiptypestore.db hit=0 miss=0 switches=0 ooe=0
2015-04-04 15:31:37.147+0000 INFO  [org.neo4j]: [ir/neostore.labeltokenstore.db.names] brickCount=0 brickSize=0b mappedMem=0b (storeSize=38b)
2015-04-04 15:31:37.148+0000 INFO  [org.neo4j]: [ir/neostore.labeltokenstore.db] brickCount=0 brickSize=0b mappedMem=0b (storeSize=0b)
2015-04-04 15:31:37.148+0000 INFO  [org.neo4j]: ir/neostore.labeltokenstore.db.names hit=0 miss=0 switches=0 ooe=0
2015-04-04 15:31:37.148+0000 INFO  [org.neo4j]: ir/neostore.labeltokenstore.db hit=0 miss=0 switches=0 ooe=0
2015-04-04 15:31:37.153+0000 INFO  [org.neo4j]: [ir/neostore.relationshiptypestore.db.names] brickCount=0 brickSize=0b mappedMem=0b (storeSize=38b)
2015-04-04 15:31:37.153+0000 INFO  [org.neo4j]: [ir/neostore.relationshiptypestore.db] brickCount=0 brickSize=0b mappedMem=0b (storeSize=0b)
2015-04-04 15:31:37.154+0000 INFO  [org.neo4j]: [ir/neostore.labeltokenstore.db.names] brickCount=0 brickSize=0b mappedMem=0b (storeSize=38b)
2015-04-04 15:31:37.154+0000 INFO  [org.neo4j]: [ir/neostore.labeltokenstore.db] brickCount=0 brickSize=0b mappedMem=0b (storeSize=0b)
2015-04-04 15:31:37.154+0000 INFO  [org.neo4j]: [ir/neostore.propertystore.db.strings] brickCount=0 brickSize=525312b mappedMem=525336576b (storeSize=128b)
2015-04-04 15:31:37.154+0000 INFO  [org.neo4j]: [ir/neostore.propertystore.db.index.keys] brickCount=0 brickSize=0b mappedMem=0b (storeSize=38b)
2015-04-04 15:31:37.155+0000 INFO  [org.neo4j]: [ir/neostore.propertystore.db.index] brickCount=0 brickSize=0b mappedMem=0b (storeSize=0b)
2015-04-04 15:31:37.155+0000 INFO  [org.neo4j]: [ir/neostore.propertystore.db.arrays] brickCount=0 brickSize=612352b mappedMem=612368384b (storeSize=128b)
2015-04-04 15:31:37.157+0000 INFO  [org.neo4j]: [ir/neostore.propertystore.db] brickCount=0 brickSize=5997849b mappedMem=599785472b (storeSize=0b)
2015-04-04 15:31:37.160+0000 INFO  [org.neo4j]: [ir/neostore.relationshipstore.db] brickCount=0 brickSize=7098826b mappedMem=709885952b (storeSize=0b)
2015-04-04 15:31:37.160+0000 INFO  [org.neo4j]: [ir/neostore.nodestore.db.labels] brickCount=0 brickSize=0b mappedMem=0b (storeSize=68b)
2015-04-04 15:31:37.163+0000 INFO  [org.neo4j]: [ir/neostore.nodestore.db] brickCount=0 brickSize=1656750b mappedMem=165675008b (storeSize=0b)
2015-04-04 15:31:37.163+0000 INFO  [org.neo4j]: [ir/neostore.schemastore.db] brickCount=0 brickSize=0b mappedMem=0b (storeSize=64b)
2015-04-04 15:31:37.165+0000 INFO  [org.neo4j]: [ir/neostore.relationshipgroupstore.db] brickCount=0 brickSize=0b mappedMem=0b (storeSize=25b)
2015-04-04 15:31:37.166+0000 INFO  [org.neo4j]: [ir/neostore] brickCount=0 brickSize=0b mappedMem=0b (storeSize=0b)
2015-04-04 15:31:37.169+0000 INFO  [org.neo4j]: ir/neostore.relationshiptypestore.db.names hit=0 miss=0 switches=0 ooe=0
2015-04-04 15:31:37.170+0000 INFO  [org.neo4j]: ir/neostore.relationshiptypestore.db hit=0 miss=0 switches=0 ooe=0
2015-04-04 15:31:37.171+0000 INFO  [org.neo4j]: ir/neostore.labeltokenstore.db.names hit=0 miss=0 switches=0 ooe=0
2015-04-04 15:31:37.172+0000 INFO  [org.neo4j]: ir/neostore.labeltokenstore.db hit=0 miss=0 switches=0 ooe=0
2015-04-04 15:31:37.172+0000 INFO  [org.neo4j]: ir/neostore.propertystore.db.strings hit=0 miss=0 switches=0 ooe=0
2015-04-04 15:31:37.173+0000 INFO  [org.neo4j]: ir/neostore.propertystore.db.index.keys hit=0 miss=0 switches=0 ooe=0
2015-04-04 15:31:37.174+0000 INFO  [org.neo4j]: ir/neostore.propertystore.db.index hit=0 miss=0 switches=0 ooe=0
2015-04-04 15:31:37.174+0000 INFO  [org.neo4j]: ir/neostore.propertystore.db.arrays hit=0 miss=0 switches=0 ooe=0
2015-04-04 15:31:37.175+0000 INFO  [org.neo4j]: ir/neostore.propertystore.db hit=0 miss=0 switches=0 ooe=0
2015-04-04 15:31:37.176+0000 INFO  [org.neo4j]: ir/neostore.relationshipstore.db hit=0 miss=0 switches=0 ooe=0
2015-04-04 15:31:37.177+0000 INFO  [org.neo4j]: ir/neostore.nodestore.db.labels hit=0 miss=0 switches=0 ooe=0
2015-04-04 15:31:37.179+0000 INFO  [org.neo4j]: ir/neostore.nodestore.db hit=0 miss=0 switches=0 ooe=0
2015-04-04 15:31:37.180+0000 INFO  [org.neo4j]: ir/neostore.schemastore.db hit=0 miss=0 switches=0 ooe=0
2015-04-04 15:31:37.180+0000 INFO  [org.neo4j]: ir/neostore.relationshipgroupstore.db hit=0 miss=0 switches=0 ooe=0
2015-04-04 15:31:37.182+0000 INFO  [org.neo4j]: ir/neostore hit=0 miss=10 switches=0 ooe=0
2015-04-04 15:31:37.190+0000 INFO  [org.neo4j]: [ir/neostore.relationshiptypestore.db.names] brickCount=0 brickSize=0b mappedMem=0b (storeSize=38b)
2015-04-04 15:31:37.191+0000 INFO  [org.neo4j]: [ir/neostore.relationshiptypestore.db] brickCount=0 brickSize=0b mappedMem=0b (storeSize=0b)
2015-04-04 15:31:37.191+0000 INFO  [org.neo4j]: [ir/neostore.labeltokenstore.db.names] brickCount=0 brickSize=0b mappedMem=0b (storeSize=38b)
2015-04-04 15:31:37.192+0000 INFO  [org.neo4j]: [ir/neostore.labeltokenstore.db] brickCount=0 brickSize=0b mappedMem=0b (storeSize=0b)
2015-04-04 15:31:37.192+0000 INFO  [org.neo4j]: [ir/neostore.propertystore.db.strings] brickCount=0 brickSize=525312b mappedMem=525336576b (storeSize=128b)
2015-04-04 15:31:37.192+0000 INFO  [org.neo4j]: [ir/neostore.propertystore.db.index.keys] brickCount=0 brickSize=0b mappedMem=0b (storeSize=38b)
2015-04-04 15:31:37.194+0000 INFO  [org.neo4j]: [ir/neostore.propertystore.db.index] brickCount=0 brickSize=0b mappedMem=0b (storeSize=0b)
2015-04-04 15:31:37.194+0000 INFO  [org.neo4j]: [ir/neostore.propertystore.db.arrays] brickCount=0 brickSize=612352b mappedMem=612368384b (storeSize=128b)
2015-04-04 15:31:37.195+0000 INFO  [org.neo4j]: [ir/neostore.propertystore.db] brickCount=0 brickSize=5997849b mappedMem=599785472b (storeSize=0b)
2015-04-04 15:31:37.195+0000 INFO  [org.neo4j]: [ir/neostore.relationshipstore.db] brickCount=0 brickSize=7098826b mappedMem=709885952b (storeSize=0b)
2015-04-04 15:31:37.195+0000 INFO  [org.neo4j]: [ir/neostore.nodestore.db.labels] brickCount=0 brickSize=0b mappedMem=0b (storeSize=68b)
2015-04-04 15:31:37.196+0000 INFO  [org.neo4j]: [ir/neostore.nodestore.db] brickCount=0 brickSize=1656750b mappedMem=165675008b (storeSize=0b)
2015-04-04 15:31:37.196+0000 INFO  [org.neo4j]: [ir/neostore.schemastore.db] brickCount=0 brickSize=0b mappedMem=0b (storeSize=64b)
2015-04-04 15:31:37.197+0000 INFO  [org.neo4j]: [ir/neostore.relationshipgroupstore.db] brickCount=0 brickSize=0b mappedMem=0b (storeSize=25b)
2015-04-04 15:31:37.197+0000 INFO  [org.neo4j]: [ir/neostore] brickCount=0 brickSize=0b mappedMem=0b (storeSize=81b)
2015-04-04 15:31:37.276+0000 INFO  [org.neo4j]: No lucene scan store index found, this might just be first use. Preparing to rebuild.
2015-04-04 15:31:37.299+0000 INFO  [org.neo4j]: No lucene scan store index found, this might just be first use. Preparing to rebuild.
2015-04-04 15:31:37.358+0000 INFO  [org.neo4j]: Opened logical log [ir/nioneo_logical.log.1] version=0, lastTxId=1 (clean)
2015-04-04 15:31:37.361+0000 INFO  [org.neo4j]: Rebuilding lucene scan store, this may take a while
2015-04-04 15:31:37.363+0000 INFO  [org.neo4j]: Lucene scan store rebuilt (roughly -1 nodes)
2015-04-04 15:31:37.366+0000 INFO  [org.neo4j]: TM new log: tm_tx_log.1
2015-04-04 15:31:37.376+0000 INFO  [org.neo4j]: Kernel health set to OK
2015-04-04 15:31:37.387+0000 INFO  [org.neo4j]: Opened logical log [ir/index/lucene.log.1] version=0, lastTxId=1 (clean)
2015-04-04 15:31:37.395+0000 INFO  [org.neo4j]: --- STARTED diagnostics for KernelDiagnostics:Versions START ---
2015-04-04 15:31:37.395+0000 INFO  [org.neo4j]: Graph Database: org.neo4j.kernel.EmbeddedGraphDatabase StoreId{creationTime=1428161497114, randomId=-6792812091003649687, storeVersion=14406081294923270, upgradeTime=1428161497114, upgradeId=-6792812091003649687}
2015-04-04 15:31:37.395+0000 INFO  [org.neo4j]: Kernel version: Neo4j - Graph Database Kernel (neo4j-kernel), version: 2.1.7
2015-04-04 15:31:37.395+0000 INFO  [org.neo4j]: Neo4j component versions:
2015-04-04 15:31:37.401+0000 INFO  [org.neo4j]:   Neo4j - Cypher Compiler 1.9 (neo4j-cypher-compiler-1.9), version: 2.0.3; revision: 2.0.3:2.0-maint:72/307c563c11b75fdc71cfa6df05daf9b08d6c37dc
2015-04-04 15:31:37.401+0000 INFO  [org.neo4j]:   Neo4j - Cypher Commons (neo4j-cypher-commons), version: 2.1.7; revision: 2.1.7:2.1-maint:649/ed233fc1087f4549d1956b8ec4a504fe2f13a446
2015-04-04 15:31:37.401+0000 INFO  [org.neo4j]:   Neo4j Server API (server-api), version: 2.1.7; revision: 2.1.7:2.1-maint:649/ed233fc1087f4549d1956b8ec4a504fe2f13a446
2015-04-04 15:31:37.401+0000 INFO  [org.neo4j]:   Neo4j - Graph Database Kernel (neo4j-kernel), version: 2.1.7; revision: 2.1.7:2.1-maint:649/ed233fc1087f4549d1956b8ec4a504fe2f13a446
2015-04-04 15:31:37.401+0000 INFO  [org.neo4j]:   Neo4j - Cypher Compiler 2.1 (neo4j-cypher-compiler-2.1), version: 2.1.7; revision: 2.1.7:2.1-maint:649/ed233fc1087f4549d1956b8ec4a504fe2f13a446
2015-04-04 15:31:37.401+0000 INFO  [org.neo4j]:   Neo4j - Generic shell (neo4j-shell), version: 2.1.7; revision: 2.1.7:2.1-maint:649/ed233fc1087f4549d1956b8ec4a504fe2f13a446
2015-04-04 15:31:37.401+0000 INFO  [org.neo4j]:   neo4j-udc, version: 2.1.7; revision: 2.1.7:2.1-maint:649/ed233fc1087f4549d1956b8ec4a504fe2f13a446
2015-04-04 15:31:37.401+0000 INFO  [org.neo4j]:   Neo4j - Lucene Index (neo4j-lucene-index), version: 2.1.7; revision: 2.1.7:2.1-maint:649/ed233fc1087f4549d1956b8ec4a504fe2f13a446
2015-04-04 15:31:37.401+0000 INFO  [org.neo4j]:   Neo4j - Cypher Compiler 2.0 (neo4j-cypher-compiler-2.0), version: 2.0.3; revision: 2.0.3:2.0-maint:72/307c563c11b75fdc71cfa6df05daf9b08d6c37dc
2015-04-04 15:31:37.401+0000 INFO  [org.neo4j]:   Neo4j - Graph Matching (neo4j-graph-matching), version: 2.1.7; revision: 2.1.7:2.1-maint:649/ed233fc1087f4549d1956b8ec4a504fe2f13a446
2015-04-04 15:31:37.401+0000 INFO  [org.neo4j]:   Neo4j - JMX support (neo4j-jmx), version: 2.1.7; revision: 2.1.7:2.1-maint:649/ed233fc1087f4549d1956b8ec4a504fe2f13a446
2015-04-04 15:31:37.401+0000 INFO  [org.neo4j]:   Neo4j - Cypher (neo4j-cypher), version: 2.1.7; revision: 2.1.7:2.1-maint:649/ed233fc1087f4549d1956b8ec4a504fe2f13a446
2015-04-04 15:31:37.401+0000 INFO  [org.neo4j]:   Neo4j - Graph Algorithms (neo4j-graph-algo), version: 2.1.7; revision: 2.1.7:2.1-maint:649/ed233fc1087f4549d1956b8ec4a504fe2f13a446
2015-04-04 15:31:37.401+0000 INFO  [org.neo4j]: --- STARTED diagnostics for KernelDiagnostics:Versions END ---
2015-04-04 15:31:37.405+0000 INFO  [org.neo4j]: --- STARTED diagnostics for NEO_STORE_VERSIONS START ---
2015-04-04 15:31:37.405+0000 INFO  [org.neo4j]: Store versions:
    Store versions:
      NeoStore v0.A.3
      SchemaStore v0.A.3
      NodeStore v0.A.3
      RelationshipStore v0.A.3
      RelationshipTypeStore v0.A.3
      LabelTokenStore v0.A.3
      PropertyStore v0.A.3
      PropertyIndexStore v0.A.3
      StringPropertyStore v0.A.3
      ArrayPropertyStore v0.A.3
      RelationshipGroupStore v0.A.3
2015-04-04 15:31:37.406+0000 INFO  [org.neo4j]: --- STARTED diagnostics for NEO_STORE_VERSIONS END ---
2015-04-04 15:31:37.406+0000 INFO  [org.neo4j]: --- STARTED diagnostics for NEO_STORE_ID_USAGE START ---
2015-04-04 15:31:37.406+0000 INFO  [org.neo4j]: Id usage:
    Id usage:
      SchemaStore: used=1 high=0
      NodeStore: used=0 high=-1
      RelationshipStore: used=0 high=-1
      RelationshipTypeStore: used=0 high=-1
      LabelTokenStore: used=0 high=-1
      PropertyStore: used=0 high=-1
      PropertyIndexStore: used=0 high=-1
      StringPropertyStore: used=1 high=0
      ArrayPropertyStore: used=1 high=0
      RelationshipGroupStore: used=1 high=0
2015-04-04 15:31:37.407+0000 INFO  [org.neo4j]: --- STARTED diagnostics for NEO_STORE_ID_USAGE END ---
2015-04-04 15:31:37.407+0000 INFO  [org.neo4j]: --- STARTED diagnostics for PERSISTENCE_WINDOW_POOL_STATS START ---
2015-04-04 15:31:37.407+0000 INFO  [org.neo4j]: --- STARTED diagnostics for PERSISTENCE_WINDOW_POOL_STATS END ---
2015-04-04 15:31:37.408+0000 INFO  [org.neo4j]: --- STARTED diagnostics for KernelDiagnostics:StoreFiles START ---
2015-04-04 15:31:37.408+0000 INFO  [org.neo4j]: Disk space on partition (Total / Free / Free %): 250140434432 / 143441997824 / 57
Storage files: (filename : modification date - size)
      active_tx_log: 2015-04-04T11:31:37-0400 - 11.00 B
      index:
        lucene-store.db: 2015-04-04T11:31:37-0400 - 40.00 B
        lucene.log.1: 2015-04-04T11:31:37-0400 - 16.00 B
        lucene.log.active: 2015-04-04T11:31:37-0400 - 4.00 B
      - Total: 2015-04-04T11:31:37-0400 - 60.00 B
      lock: 2015-04-04T11:31:37-0400 - 0.00 B
      messages.log: 2015-04-04T11:31:37-0400 - 21.57 kB
      neostore: 2015-04-04T11:31:37-0400 - 81.00 B
      neostore.id: 2015-04-04T11:31:37-0400 - 9.00 B
      neostore.labeltokenstore.db: 2015-04-04T11:31:37-0400 - 0.00 B
      neostore.labeltokenstore.db.id: 2015-04-04T11:31:37-0400 - 9.00 B
      neostore.labeltokenstore.db.names: 2015-04-04T11:31:37-0400 - 38.00 B
      neostore.labeltokenstore.db.names.id: 2015-04-04T11:31:37-0400 - 9.00 B
      neostore.nodestore.db: 2015-04-04T11:31:37-0400 - 0.00 B
      neostore.nodestore.db.id: 2015-04-04T11:31:37-0400 - 9.00 B
      neostore.nodestore.db.labels: 2015-04-04T11:31:37-0400 - 68.00 B
      neostore.nodestore.db.labels.id: 2015-04-04T11:31:37-0400 - 9.00 B
      neostore.propertystore.db: 2015-04-04T11:31:37-0400 - 0.00 B
      neostore.propertystore.db.arrays: 2015-04-04T11:31:37-0400 - 128.00 B
      neostore.propertystore.db.arrays.id: 2015-04-04T11:31:37-0400 - 9.00 B
      neostore.propertystore.db.id: 2015-04-04T11:31:37-0400 - 9.00 B
      neostore.propertystore.db.index: 2015-04-04T11:31:37-0400 - 0.00 B
      neostore.propertystore.db.index.id: 2015-04-04T11:31:37-0400 - 9.00 B
      neostore.propertystore.db.index.keys: 2015-04-04T11:31:37-0400 - 38.00 B
      neostore.propertystore.db.index.keys.id: 2015-04-04T11:31:37-0400 - 9.00 B
      neostore.propertystore.db.strings: 2015-04-04T11:31:37-0400 - 128.00 B
      neostore.propertystore.db.strings.id: 2015-04-04T11:31:37-0400 - 9.00 B
      neostore.relationshipgroupstore.db: 2015-04-04T11:31:37-0400 - 25.00 B
      neostore.relationshipgroupstore.db.id: 2015-04-04T11:31:37-0400 - 9.00 B
      neostore.relationshipstore.db: 2015-04-04T11:31:37-0400 - 0.00 B
      neostore.relationshipstore.db.id: 2015-04-04T11:31:37-0400 - 9.00 B
      neostore.relationshiptypestore.db: 2015-04-04T11:31:37-0400 - 0.00 B
      neostore.relationshiptypestore.db.id: 2015-04-04T11:31:37-0400 - 9.00 B
      neostore.relationshiptypestore.db.names: 2015-04-04T11:31:37-0400 - 38.00 B
      neostore.relationshiptypestore.db.names.id: 2015-04-04T11:31:37-0400 - 9.00 B
      neostore.schemastore.db: 2015-04-04T11:31:37-0400 - 64.00 B
      neostore.schemastore.db.id: 2015-04-04T11:31:37-0400 - 9.00 B
      nioneo_logical.log.1: 2015-04-04T11:31:37-0400 - 16.00 B
      nioneo_logical.log.active: 2015-04-04T11:31:37-0400 - 4.00 B
      schema:
        label:
          lucene:
            write.lock: 2015-04-04T11:31:37-0400 - 0.00 B
          - Total: 2015-04-04T11:31:37-0400 - 0.00 B
        - Total: 2015-04-04T11:31:37-0400 - 0.00 B
      - Total: 2015-04-04T11:31:37-0400 - 0.00 B
      store_lock: 2015-04-04T11:31:37-0400 - 0.00 B
      tm_tx_log.1: 2015-04-04T11:31:37-0400 - 0.00 B
2015-04-04 15:31:37.417+0000 INFO  [org.neo4j]: --- STARTED diagnostics for KernelDiagnostics:StoreFiles END ---
2015-04-04 15:31:37.452+0000 INFO  [org.neo4j]: Database is now ready
2015-04-04 15:31:37.624+0000 INFO  [org.neo4j]: Shutdown started
2015-04-04 15:31:37.625+0000 INFO  [org.neo4j]: Database is now unavailable
2015-04-04 15:31:37.628+0000 INFO  [org.neo4j]: Closed log ir/index/lucene.log
2015-04-04 15:31:37.628+0000 INFO  [org.neo4j]: TM shutting down
2015-04-04 15:31:37.634+0000 INFO  [org.neo4j]: Closed log ir/nioneo_logical.log
2015-04-04 15:31:37.635+0000 INFO  [org.neo4j]: ir/neostore.relationshiptypestore.db.names hit=0 miss=3 switches=0 ooe=0
2015-04-04 15:31:37.636+0000 INFO  [org.neo4j]: ir/neostore.relationshiptypestore.db hit=0 miss=3 switches=0 ooe=0
2015-04-04 15:31:37.636+0000 INFO  [org.neo4j]: ir/neostore.labeltokenstore.db.names hit=0 miss=2 switches=0 ooe=0
2015-04-04 15:31:37.637+0000 INFO  [org.neo4j]: ir/neostore.labeltokenstore.db hit=0 miss=2 switches=0 ooe=0
2015-04-04 15:31:37.638+0000 INFO  [org.neo4j]: ir/neostore.propertystore.db.strings hit=0 miss=0 switches=0 ooe=0
2015-04-04 15:31:37.638+0000 INFO  [org.neo4j]: ir/neostore.propertystore.db.index.keys hit=0 miss=3 switches=0 ooe=0
2015-04-04 15:31:37.639+0000 INFO  [org.neo4j]: ir/neostore.propertystore.db.index hit=0 miss=3 switches=0 ooe=0
2015-04-04 15:31:37.639+0000 INFO  [org.neo4j]: ir/neostore.propertystore.db.arrays hit=0 miss=0 switches=0 ooe=0
2015-04-04 15:31:37.640+0000 INFO  [org.neo4j]: ir/neostore.propertystore.db hit=7 miss=0 switches=0 ooe=0
2015-04-04 15:31:37.641+0000 INFO  [org.neo4j]: ir/neostore.relationshipstore.db hit=10 miss=0 switches=0 ooe=0
2015-04-04 15:31:37.641+0000 INFO  [org.neo4j]: ir/neostore.nodestore.db.labels hit=0 miss=0 switches=0 ooe=0
2015-04-04 15:31:37.642+0000 INFO  [org.neo4j]: ir/neostore.nodestore.db hit=10 miss=0 switches=0 ooe=0
2015-04-04 15:31:37.643+0000 INFO  [org.neo4j]: ir/neostore.schemastore.db hit=0 miss=0 switches=0 ooe=0
2015-04-04 15:31:37.644+0000 INFO  [org.neo4j]: ir/neostore.relationshipgroupstore.db hit=0 miss=0 switches=0 ooe=0
2015-04-04 15:31:37.645+0000 INFO  [org.neo4j]: ir/neostore hit=0 miss=33 switches=0 ooe=0
2015-04-04 15:31:37.645+0000 INFO  [org.neo4j]: NeoStore closed
2015-04-04 15:31:37.646+0000 INFO  [org.neo4j]: --- STOPPING diagnostics START ---
2015-04-04 15:31:37.646+0000 INFO  [org.neo4j]: --- STOPPING diagnostics END ---
