2015-03-31 23:20:22.862+0000 INFO  [org.neo4j]: You are using an unsupported version of the Java runtime. Please use Oracle(R) Java(TM) Runtime Environment 7 or OpenJDK(TM) 7.
2015-03-31 23:20:22.891+0000 INFO  [org.neo4j]: No locking implementation specified, defaulting to 'community'
2015-03-31 23:20:22.963+0000 INFO  [org.neo4j]: --- INITIALIZED diagnostics START ---
2015-03-31 23:20:22.964+0000 INFO  [org.neo4j]: Neo4j Kernel properties:
    neostore.propertystore.db.strings.mapped_memory=501M
    ephemeral=false
    neostore.nodestore.db.mapped_memory=158M
    store_dir=neo4j-community-2.2.0/ir
    neostore.propertystore.db.arrays.mapped_memory=584M
    neostore.relationshipgroupstore.db.mapped_memory=0M
    neostore.propertystore.db.mapped_memory=572M
    neostore.relationshipstore.db.mapped_memory=677M
2015-03-31 23:20:22.967+0000 INFO  [org.neo4j]: Diagnostics providers:
    org.neo4j.kernel.configuration.Config
    org.neo4j.kernel.info.DiagnosticsManager
    SYSTEM_MEMORY
    JAVA_MEMORY
    OPERATING_SYSTEM
    JAVA_VIRTUAL_MACHINE
    CLASSPATH
    LIBRARY_PATH
    SYSTEM_PROPERTIES
    NETWORK
2015-03-31 23:20:22.968+0000 INFO  [org.neo4j]: System memory information:
    Total Physical memory: 8.00 GB
    Free Physical memory: 1.58 GB
    Committed virtual memory: 5.73 GB
    Total swap space: 1.00 GB
    Free swap space: 1.00 GB
2015-03-31 23:20:22.973+0000 INFO  [org.neo4j]: JVM memory information:
    Free  memory: 104.09 MB
    Total memory: 123.00 MB
    Max   memory: 1.78 GB
    Garbage Collector: PS Scavenge: [PS Eden Space, PS Survivor Space]
    Garbage Collector: PS MarkSweep: [PS Eden Space, PS Survivor Space, PS Old Gen]
    Memory Pool: Code Cache (Non-heap memory): committed=2.44 MB, used=2.31 MB, max=240.00 MB, threshold=0.00 B
    Memory Pool: Metaspace (Non-heap memory): committed=6.63 MB, used=6.33 MB, max=-1.00 B, threshold=0.00 B
    Memory Pool: Compressed Class Space (Non-heap memory): committed=896.00 kB, used=833.77 kB, max=1.00 GB, threshold=0.00 B
    Memory Pool: PS Eden Space (Heap memory): committed=32.50 MB, used=18.91 MB, max=672.50 MB, threshold=?
    Memory Pool: PS Survivor Space (Heap memory): committed=5.00 MB, used=0.00 B, max=5.00 MB, threshold=?
    Memory Pool: PS Old Gen (Heap memory): committed=85.50 MB, used=0.00 B, max=1.33 GB, threshold=0.00 B
2015-03-31 23:20:22.977+0000 INFO  [org.neo4j]: Operating system information:
    Operating System: Mac OS X; version: 10.9.5; arch: x86_64; cpus: 4
    Max number of file descriptors: 10240
    Number of open file descriptors: 43
    Process id: 2342@FuJuns-MacBook-Pro.local
    Byte order: LITTLE_ENDIAN
    Local timezone: America/New_York
2015-03-31 23:20:22.985+0000 INFO  [org.neo4j]: JVM information:
    VM Name: Java HotSpot(TM) 64-Bit Server VM
    VM Vendor: Oracle Corporation
    VM Version: 25.20-b23
    JIT compiler: HotSpot 64-Bit Tiered Compilers
    VM Arguments: [-Dfile.encoding=UTF-8]
2015-03-31 23:20:22.985+0000 INFO  [org.neo4j]: Java classpath:
     [loader.1] file:/System/Library/Java/Extensions/QTJava.zip
     [loader.1] file:/System/Library/Java/Extensions/libQTJNative.jnilib
     [classpath + loader.0] file:/Users/fujun/GitHub/TwitterQA/lib/lucene-core-3.6.2.jar
     [bootstrap] /Library/Java/JavaVirtualMachines/jdk1.8.0_20.jdk/Contents/Home/jre/lib/jfr.jar
     [bootstrap] /Library/Java/JavaVirtualMachines/jdk1.8.0_20.jdk/Contents/Home/jre/lib/rt.jar
     [classpath + loader.0] file:/Users/fujun/GitHub/TwitterQA/lib/neo4j-cypher-compiler-1.9-2.0.3.jar
     [bootstrap] /Library/Java/JavaVirtualMachines/jdk1.8.0_20.jdk/Contents/Home/jre/lib/jce.jar
     [classpath + loader.0] file:/Users/fujun/GitHub/TwitterQA/lib/twitter4j-core-4.0.2.jar
     [bootstrap] /Library/Java/JavaVirtualMachines/jdk1.8.0_20.jdk/Contents/Home/jre/lib/jsse.jar
     [loader.1] file:/Library/Java/JavaVirtualMachines/jdk1.8.0_20.jdk/Contents/Home/jre/lib/ext/localedata.jar
     [classpath + loader.0] file:/Users/fujun/GitHub/TwitterQA/lib/parboiled-core-1.1.6.jar
     [classpath + loader.0] file:/Users/fujun/GitHub/TwitterQA/lib/neo4j-kernel-2.1.7.jar
     [classpath + loader.0] file:/Users/fujun/GitHub/TwitterQA/lib/twitter4j-stream-4.0.2.jar
     [loader.1] file:/Library/Java/JavaVirtualMachines/jdk1.8.0_20.jdk/Contents/Home/jre/lib/ext/cldrdata.jar
     [loader.1] file:/System/Library/Java/Extensions/vecmath.jar
     [classpath + loader.0] file:/Users/fujun/GitHub/TwitterQA/lib/opencsv-2.3.jar
     [classpath + loader.0] file:/Users/fujun/GitHub/TwitterQA/lib/neo4j-jmx-2.1.7.jar
     [loader.1] file:/Library/Java/JavaVirtualMachines/jdk1.8.0_20.jdk/Contents/Home/jre/lib/ext/sunpkcs11.jar
     [loader.1] file:/System/Library/Java/Extensions/libJ3D.jnilib
     [classpath + loader.0] file:/Users/fujun/GitHub/TwitterQA/lib/server-api-2.1.7.jar
     [loader.1] file:/Library/Java/JavaVirtualMachines/jdk1.8.0_20.jdk/Contents/Home/jre/lib/ext/dnsns.jar
     [classpath + loader.0] file:/Users/fujun/GitHub/TwitterQA/lib/scala-library-2.10.4.jar
     [classpath + loader.0] file:/Users/fujun/GitHub/TwitterQA/lib/geronimo-jta_1.1_spec-1.1.1.jar
     [loader.1] file:/System/Library/Java/Extensions/libAppleScriptEngine.jnilib
     [classpath + loader.0] file:/Users/fujun/GitHub/TwitterQA/lib/neo4j-cypher-commons-2.1.7.jar
     [classpath + loader.0] file:/Users/fujun/GitHub/TwitterQA/lib/neo4j-graph-algo-2.1.7.jar
     [classpath + loader.0] file:/Users/fujun/GitHub/TwitterQA/lib/org.apache.servicemix.bundles.jline-0.9.94_1.jar
     [loader.1] file:/System/Library/Java/Extensions/dns_sd.jar
     [loader.1] file:/System/Library/Java/Extensions/MRJToolkit.jar
     [classpath + loader.0] file:/Users/fujun/GitHub/TwitterQA/lib/neo4j-cypher-compiler-2.0-2.0.3.jar
     [bootstrap] /Library/Java/JavaVirtualMachines/jdk1.8.0_20.jdk/Contents/Home/jre/lib/charsets.jar
     [loader.1] file:/Library/Java/JavaVirtualMachines/jdk1.8.0_20.jdk/Contents/Home/jre/lib/ext/jfxrt.jar
     [loader.1] file:/Library/Java/JavaVirtualMachines/jdk1.8.0_20.jdk/Contents/Home/jre/lib/ext/zipfs.jar
     [loader.1] file:/System/Library/Java/Extensions/mlibwrapper_jai.jar
     [classpath + loader.0] file:/Users/fujun/GitHub/TwitterQA/lib/neo4j-cypher-compiler-2.1-2.1.7.jar
     [loader.1] file:/System/Library/Java/Extensions/libJ3DUtils.jnilib
     [loader.1] file:/System/Library/Java/Extensions/j3daudio.jar
     [loader.1] file:/System/Library/Java/Extensions/AppleScriptEngine.jar
     [loader.1] file:/System/Library/Java/Extensions/j3dutils.jar
     [loader.1] file:/System/Library/Java/Extensions/jai_codec.jar
     [classpath + loader.0] file:/Users/fujun/GitHub/TwitterQA/lib/neo4j-cypher-2.1.7.jar
     [loader.1] file:/Library/Java/JavaVirtualMachines/jdk1.8.0_20.jdk/Contents/Home/jre/lib/ext/sunjce_provider.jar
     [classpath + loader.0] file:/Users/fujun/GitHub/TwitterQA/lib/neo4j-primitive-collections-2.1.7.jar
     [classpath + loader.0] file:/Users/fujun/GitHub/TwitterQA/lib/neo4j-shell-2.1.7.jar
     [classpath + loader.0] file:/Users/fujun/GitHub/TwitterQA/lib/concurrentlinkedhashmap-lru-1.3.1.jar
     [classpath + loader.0] file:/Users/fujun/GitHub/TwitterQA/lib/neo4j-udc-2.1.7.jar
     [bootstrap] /Library/Java/JavaVirtualMachines/jdk1.8.0_20.jdk/Contents/Home/jre/lib/sunrsasign.jar
     [loader.1] file:/usr/lib/java/libjdns_sd.jnilib
     [loader.1] file:/System/Library/Java/Extensions/libmlib_jai.jnilib
     [loader.1] file:/Library/Java/JavaVirtualMachines/jdk1.8.0_20.jdk/Contents/Home/jre/lib/ext/nashorn.jar
     [bootstrap] /Library/Java/JavaVirtualMachines/jdk1.8.0_20.jdk/Contents/Home/jre/classes
     [classpath + loader.0] file:/Users/fujun/GitHub/TwitterQA/bin/
     [classpath + loader.0] file:/Users/fujun/GitHub/TwitterQA/lib/parboiled-scala_2.10-1.1.6.jar
     [loader.1] file:/Library/Java/JavaVirtualMachines/jdk1.8.0_20.jdk/Contents/Home/jre/lib/ext/sunec.jar
     [bootstrap] /Library/Java/JavaVirtualMachines/jdk1.8.0_20.jdk/Contents/Home/jre/lib/resources.jar
     [loader.1] file:/System/Library/Java/Extensions/libJ3DAudio.jnilib
     [classpath + loader.0] file:/Users/fujun/GitHub/TwitterQA/lib/neo4j-graph-matching-2.1.7.jar
     [classpath + loader.0] file:/Users/fujun/GitHub/TwitterQA/lib/neo4j-lucene-index-2.1.7.jar
     [loader.1] file:/System/Library/Java/Extensions/j3dcore.jar
     [loader.1] file:/System/Library/Java/Extensions/jai_core.jar
2015-03-31 23:20:22.987+0000 INFO  [org.neo4j]: Library path:
    /Users/fujun/Library/Java/Extensions
    /Library/Java/Extensions
    /Network/Library/Java/Extensions
    /System/Library/Java/Extensions
    /usr/lib/java
    /Users/fujun/GitHub/TwitterQA
2015-03-31 23:20:22.987+0000 INFO  [org.neo4j]: System.properties:
    sun.boot.library.path = /Library/Java/JavaVirtualMachines/jdk1.8.0_20.jdk/Contents/Home/jre/lib
    gopherProxySet = false
    path.separator = :
    file.encoding.pkg = sun.io
    user.country = US
    sun.java.launcher = SUN_STANDARD
    sun.os.patch.level = unknown
    user.dir = /Users/fujun/GitHub/TwitterQA
    sun.jnu.encoding = UTF-8
    sun.management.compiler = HotSpot 64-Bit Tiered Compilers
    http.nonProxyHosts = local|*.local|169.254/16|*.169.254/16
    user.home = /Users/fujun
    user.timezone = America/New_York
    file.encoding = UTF-8
    user.name = fujun
    sun.java.command = qa.datahelper.test
    sun.arch.data.model = 64
    user.language = en
    awt.toolkit = sun.lwawt.macosx.LWCToolkit
    file.separator = /
    sun.io.unicode.encoding = UnicodeBig
    sun.cpu.endian = little
    socksNonProxyHosts = local|*.local|169.254/16|*.169.254/16
    ftp.nonProxyHosts = local|*.local|169.254/16|*.169.254/16
    sun.cpu.isalist = 
2015-03-31 23:20:22.988+0000 INFO  [org.neo4j]: Network information:
    Interface en0:
        address: fe80:0:0:0:82e6:50ff:fe04:e5b0%en0
        address: 150.212.241.210
    Interface lo0:
        address: fe80:0:0:0:0:0:0:1%lo0
        address: 0:0:0:0:0:0:0:1
        address: 127.0.0.1
2015-03-31 23:20:22.990+0000 INFO  [org.neo4j]: --- INITIALIZED diagnostics END ---
2015-03-31 23:20:23.141+0000 INFO  [org.neo4j]: Creating new db @ neo4j-community-2.2.0/ir/neostore
2015-03-31 23:20:23.180+0000 INFO  [org.neo4j]: [neo4j-community-2.2.0/ir/neostore.relationshiptypestore.db.names] brickCount=0 brickSize=0b mappedMem=0b (storeSize=38b)
2015-03-31 23:20:23.181+0000 INFO  [org.neo4j]: [neo4j-community-2.2.0/ir/neostore.relationshiptypestore.db] brickCount=0 brickSize=0b mappedMem=0b (storeSize=0b)
2015-03-31 23:20:23.181+0000 INFO  [org.neo4j]: neo4j-community-2.2.0/ir/neostore.relationshiptypestore.db.names hit=0 miss=0 switches=0 ooe=0
2015-03-31 23:20:23.182+0000 INFO  [org.neo4j]: neo4j-community-2.2.0/ir/neostore.relationshiptypestore.db hit=0 miss=0 switches=0 ooe=0
2015-03-31 23:20:23.185+0000 INFO  [org.neo4j]: [neo4j-community-2.2.0/ir/neostore.labeltokenstore.db.names] brickCount=0 brickSize=0b mappedMem=0b (storeSize=38b)
2015-03-31 23:20:23.185+0000 INFO  [org.neo4j]: [neo4j-community-2.2.0/ir/neostore.labeltokenstore.db] brickCount=0 brickSize=0b mappedMem=0b (storeSize=0b)
2015-03-31 23:20:23.186+0000 INFO  [org.neo4j]: neo4j-community-2.2.0/ir/neostore.labeltokenstore.db.names hit=0 miss=0 switches=0 ooe=0
2015-03-31 23:20:23.186+0000 INFO  [org.neo4j]: neo4j-community-2.2.0/ir/neostore.labeltokenstore.db hit=0 miss=0 switches=0 ooe=0
2015-03-31 23:20:23.191+0000 INFO  [org.neo4j]: [neo4j-community-2.2.0/ir/neostore.relationshiptypestore.db.names] brickCount=0 brickSize=0b mappedMem=0b (storeSize=38b)
2015-03-31 23:20:23.191+0000 INFO  [org.neo4j]: [neo4j-community-2.2.0/ir/neostore.relationshiptypestore.db] brickCount=0 brickSize=0b mappedMem=0b (storeSize=0b)
2015-03-31 23:20:23.191+0000 INFO  [org.neo4j]: [neo4j-community-2.2.0/ir/neostore.labeltokenstore.db.names] brickCount=0 brickSize=0b mappedMem=0b (storeSize=38b)
2015-03-31 23:20:23.192+0000 INFO  [org.neo4j]: [neo4j-community-2.2.0/ir/neostore.labeltokenstore.db] brickCount=0 brickSize=0b mappedMem=0b (storeSize=0b)
2015-03-31 23:20:23.192+0000 INFO  [org.neo4j]: [neo4j-community-2.2.0/ir/neostore.propertystore.db.strings] brickCount=0 brickSize=525312b mappedMem=525336576b (storeSize=128b)
2015-03-31 23:20:23.192+0000 INFO  [org.neo4j]: [neo4j-community-2.2.0/ir/neostore.propertystore.db.index.keys] brickCount=0 brickSize=0b mappedMem=0b (storeSize=38b)
2015-03-31 23:20:23.193+0000 INFO  [org.neo4j]: [neo4j-community-2.2.0/ir/neostore.propertystore.db.index] brickCount=0 brickSize=0b mappedMem=0b (storeSize=0b)
2015-03-31 23:20:23.193+0000 INFO  [org.neo4j]: [neo4j-community-2.2.0/ir/neostore.propertystore.db.arrays] brickCount=0 brickSize=612352b mappedMem=612368384b (storeSize=128b)
2015-03-31 23:20:23.195+0000 INFO  [org.neo4j]: [neo4j-community-2.2.0/ir/neostore.propertystore.db] brickCount=0 brickSize=5997849b mappedMem=599785472b (storeSize=0b)
2015-03-31 23:20:23.197+0000 INFO  [org.neo4j]: [neo4j-community-2.2.0/ir/neostore.relationshipstore.db] brickCount=0 brickSize=7098826b mappedMem=709885952b (storeSize=0b)
2015-03-31 23:20:23.198+0000 INFO  [org.neo4j]: [neo4j-community-2.2.0/ir/neostore.nodestore.db.labels] brickCount=0 brickSize=0b mappedMem=0b (storeSize=68b)
2015-03-31 23:20:23.199+0000 INFO  [org.neo4j]: [neo4j-community-2.2.0/ir/neostore.nodestore.db] brickCount=0 brickSize=1656750b mappedMem=165675008b (storeSize=0b)
2015-03-31 23:20:23.200+0000 INFO  [org.neo4j]: [neo4j-community-2.2.0/ir/neostore.schemastore.db] brickCount=0 brickSize=0b mappedMem=0b (storeSize=64b)
2015-03-31 23:20:23.202+0000 INFO  [org.neo4j]: [neo4j-community-2.2.0/ir/neostore.relationshipgroupstore.db] brickCount=0 brickSize=0b mappedMem=0b (storeSize=25b)
2015-03-31 23:20:23.203+0000 INFO  [org.neo4j]: [neo4j-community-2.2.0/ir/neostore] brickCount=0 brickSize=0b mappedMem=0b (storeSize=0b)
2015-03-31 23:20:23.207+0000 INFO  [org.neo4j]: neo4j-community-2.2.0/ir/neostore.relationshiptypestore.db.names hit=0 miss=0 switches=0 ooe=0
2015-03-31 23:20:23.208+0000 INFO  [org.neo4j]: neo4j-community-2.2.0/ir/neostore.relationshiptypestore.db hit=0 miss=0 switches=0 ooe=0
2015-03-31 23:20:23.208+0000 INFO  [org.neo4j]: neo4j-community-2.2.0/ir/neostore.labeltokenstore.db.names hit=0 miss=0 switches=0 ooe=0
2015-03-31 23:20:23.209+0000 INFO  [org.neo4j]: neo4j-community-2.2.0/ir/neostore.labeltokenstore.db hit=0 miss=0 switches=0 ooe=0
2015-03-31 23:20:23.209+0000 INFO  [org.neo4j]: neo4j-community-2.2.0/ir/neostore.propertystore.db.strings hit=0 miss=0 switches=0 ooe=0
2015-03-31 23:20:23.210+0000 INFO  [org.neo4j]: neo4j-community-2.2.0/ir/neostore.propertystore.db.index.keys hit=0 miss=0 switches=0 ooe=0
2015-03-31 23:20:23.211+0000 INFO  [org.neo4j]: neo4j-community-2.2.0/ir/neostore.propertystore.db.index hit=0 miss=0 switches=0 ooe=0
2015-03-31 23:20:23.212+0000 INFO  [org.neo4j]: neo4j-community-2.2.0/ir/neostore.propertystore.db.arrays hit=0 miss=0 switches=0 ooe=0
2015-03-31 23:20:23.213+0000 INFO  [org.neo4j]: neo4j-community-2.2.0/ir/neostore.propertystore.db hit=0 miss=0 switches=0 ooe=0
2015-03-31 23:20:23.214+0000 INFO  [org.neo4j]: neo4j-community-2.2.0/ir/neostore.relationshipstore.db hit=0 miss=0 switches=0 ooe=0
2015-03-31 23:20:23.214+0000 INFO  [org.neo4j]: neo4j-community-2.2.0/ir/neostore.nodestore.db.labels hit=0 miss=0 switches=0 ooe=0
2015-03-31 23:20:23.215+0000 INFO  [org.neo4j]: neo4j-community-2.2.0/ir/neostore.nodestore.db hit=0 miss=0 switches=0 ooe=0
2015-03-31 23:20:23.216+0000 INFO  [org.neo4j]: neo4j-community-2.2.0/ir/neostore.schemastore.db hit=0 miss=0 switches=0 ooe=0
2015-03-31 23:20:23.217+0000 INFO  [org.neo4j]: neo4j-community-2.2.0/ir/neostore.relationshipgroupstore.db hit=0 miss=0 switches=0 ooe=0
2015-03-31 23:20:23.218+0000 INFO  [org.neo4j]: neo4j-community-2.2.0/ir/neostore hit=0 miss=10 switches=0 ooe=0
2015-03-31 23:20:23.227+0000 INFO  [org.neo4j]: [neo4j-community-2.2.0/ir/neostore.relationshiptypestore.db.names] brickCount=0 brickSize=0b mappedMem=0b (storeSize=38b)
2015-03-31 23:20:23.227+0000 INFO  [org.neo4j]: [neo4j-community-2.2.0/ir/neostore.relationshiptypestore.db] brickCount=0 brickSize=0b mappedMem=0b (storeSize=0b)
2015-03-31 23:20:23.228+0000 INFO  [org.neo4j]: [neo4j-community-2.2.0/ir/neostore.labeltokenstore.db.names] brickCount=0 brickSize=0b mappedMem=0b (storeSize=38b)
2015-03-31 23:20:23.228+0000 INFO  [org.neo4j]: [neo4j-community-2.2.0/ir/neostore.labeltokenstore.db] brickCount=0 brickSize=0b mappedMem=0b (storeSize=0b)
2015-03-31 23:20:23.228+0000 INFO  [org.neo4j]: [neo4j-community-2.2.0/ir/neostore.propertystore.db.strings] brickCount=0 brickSize=525312b mappedMem=525336576b (storeSize=128b)
2015-03-31 23:20:23.229+0000 INFO  [org.neo4j]: [neo4j-community-2.2.0/ir/neostore.propertystore.db.index.keys] brickCount=0 brickSize=0b mappedMem=0b (storeSize=38b)
2015-03-31 23:20:23.229+0000 INFO  [org.neo4j]: [neo4j-community-2.2.0/ir/neostore.propertystore.db.index] brickCount=0 brickSize=0b mappedMem=0b (storeSize=0b)
2015-03-31 23:20:23.229+0000 INFO  [org.neo4j]: [neo4j-community-2.2.0/ir/neostore.propertystore.db.arrays] brickCount=0 brickSize=612352b mappedMem=612368384b (storeSize=128b)
2015-03-31 23:20:23.230+0000 INFO  [org.neo4j]: [neo4j-community-2.2.0/ir/neostore.propertystore.db] brickCount=0 brickSize=5997849b mappedMem=599785472b (storeSize=0b)
2015-03-31 23:20:23.230+0000 INFO  [org.neo4j]: [neo4j-community-2.2.0/ir/neostore.relationshipstore.db] brickCount=0 brickSize=7098826b mappedMem=709885952b (storeSize=0b)
2015-03-31 23:20:23.230+0000 INFO  [org.neo4j]: [neo4j-community-2.2.0/ir/neostore.nodestore.db.labels] brickCount=0 brickSize=0b mappedMem=0b (storeSize=68b)
2015-03-31 23:20:23.231+0000 INFO  [org.neo4j]: [neo4j-community-2.2.0/ir/neostore.nodestore.db] brickCount=0 brickSize=1656750b mappedMem=165675008b (storeSize=0b)
2015-03-31 23:20:23.231+0000 INFO  [org.neo4j]: [neo4j-community-2.2.0/ir/neostore.schemastore.db] brickCount=0 brickSize=0b mappedMem=0b (storeSize=64b)
2015-03-31 23:20:23.232+0000 INFO  [org.neo4j]: [neo4j-community-2.2.0/ir/neostore.relationshipgroupstore.db] brickCount=0 brickSize=0b mappedMem=0b (storeSize=25b)
2015-03-31 23:20:23.232+0000 INFO  [org.neo4j]: [neo4j-community-2.2.0/ir/neostore] brickCount=0 brickSize=0b mappedMem=0b (storeSize=81b)
2015-03-31 23:20:23.319+0000 INFO  [org.neo4j]: No lucene scan store index found, this might just be first use. Preparing to rebuild.
2015-03-31 23:20:23.340+0000 INFO  [org.neo4j]: No lucene scan store index found, this might just be first use. Preparing to rebuild.
2015-03-31 23:20:23.393+0000 INFO  [org.neo4j]: Opened logical log [neo4j-community-2.2.0/ir/nioneo_logical.log.1] version=0, lastTxId=1 (clean)
2015-03-31 23:20:23.396+0000 INFO  [org.neo4j]: Rebuilding lucene scan store, this may take a while
2015-03-31 23:20:23.398+0000 INFO  [org.neo4j]: Lucene scan store rebuilt (roughly -1 nodes)
2015-03-31 23:20:23.401+0000 INFO  [org.neo4j]: TM new log: tm_tx_log.1
2015-03-31 23:20:23.407+0000 INFO  [org.neo4j]: Kernel health set to OK
2015-03-31 23:20:23.415+0000 INFO  [org.neo4j]: Opened logical log [neo4j-community-2.2.0/ir/index/lucene.log.1] version=0, lastTxId=1 (clean)
2015-03-31 23:20:23.422+0000 INFO  [org.neo4j]: --- STARTED diagnostics for KernelDiagnostics:Versions START ---
2015-03-31 23:20:23.422+0000 INFO  [org.neo4j]: Graph Database: org.neo4j.kernel.EmbeddedGraphDatabase StoreId{creationTime=1427844023155, randomId=-6808318319447298137, storeVersion=14406081294923270, upgradeTime=1427844023155, upgradeId=-6808318319447298137}
2015-03-31 23:20:23.422+0000 INFO  [org.neo4j]: Kernel version: Neo4j - Graph Database Kernel (neo4j-kernel), version: 2.1.7
2015-03-31 23:20:23.422+0000 INFO  [org.neo4j]: Neo4j component versions:
2015-03-31 23:20:23.427+0000 INFO  [org.neo4j]:   Neo4j - Cypher Compiler 1.9 (neo4j-cypher-compiler-1.9), version: 2.0.3; revision: 2.0.3:2.0-maint:72/307c563c11b75fdc71cfa6df05daf9b08d6c37dc
2015-03-31 23:20:23.427+0000 INFO  [org.neo4j]:   Neo4j - Cypher Commons (neo4j-cypher-commons), version: 2.1.7; revision: 2.1.7:2.1-maint:649/ed233fc1087f4549d1956b8ec4a504fe2f13a446
2015-03-31 23:20:23.427+0000 INFO  [org.neo4j]:   Neo4j Server API (server-api), version: 2.1.7; revision: 2.1.7:2.1-maint:649/ed233fc1087f4549d1956b8ec4a504fe2f13a446
2015-03-31 23:20:23.427+0000 INFO  [org.neo4j]:   Neo4j - Graph Database Kernel (neo4j-kernel), version: 2.1.7; revision: 2.1.7:2.1-maint:649/ed233fc1087f4549d1956b8ec4a504fe2f13a446
2015-03-31 23:20:23.427+0000 INFO  [org.neo4j]:   Neo4j - Cypher Compiler 2.1 (neo4j-cypher-compiler-2.1), version: 2.1.7; revision: 2.1.7:2.1-maint:649/ed233fc1087f4549d1956b8ec4a504fe2f13a446
2015-03-31 23:20:23.428+0000 INFO  [org.neo4j]:   Neo4j - Generic shell (neo4j-shell), version: 2.1.7; revision: 2.1.7:2.1-maint:649/ed233fc1087f4549d1956b8ec4a504fe2f13a446
2015-03-31 23:20:23.428+0000 INFO  [org.neo4j]:   neo4j-udc, version: 2.1.7; revision: 2.1.7:2.1-maint:649/ed233fc1087f4549d1956b8ec4a504fe2f13a446
2015-03-31 23:20:23.428+0000 INFO  [org.neo4j]:   Neo4j - Lucene Index (neo4j-lucene-index), version: 2.1.7; revision: 2.1.7:2.1-maint:649/ed233fc1087f4549d1956b8ec4a504fe2f13a446
2015-03-31 23:20:23.428+0000 INFO  [org.neo4j]:   Neo4j - Cypher Compiler 2.0 (neo4j-cypher-compiler-2.0), version: 2.0.3; revision: 2.0.3:2.0-maint:72/307c563c11b75fdc71cfa6df05daf9b08d6c37dc
2015-03-31 23:20:23.428+0000 INFO  [org.neo4j]:   Neo4j - Graph Matching (neo4j-graph-matching), version: 2.1.7; revision: 2.1.7:2.1-maint:649/ed233fc1087f4549d1956b8ec4a504fe2f13a446
2015-03-31 23:20:23.428+0000 INFO  [org.neo4j]:   Neo4j - JMX support (neo4j-jmx), version: 2.1.7; revision: 2.1.7:2.1-maint:649/ed233fc1087f4549d1956b8ec4a504fe2f13a446
2015-03-31 23:20:23.428+0000 INFO  [org.neo4j]:   Neo4j - Cypher (neo4j-cypher), version: 2.1.7; revision: 2.1.7:2.1-maint:649/ed233fc1087f4549d1956b8ec4a504fe2f13a446
2015-03-31 23:20:23.428+0000 INFO  [org.neo4j]:   Neo4j - Graph Algorithms (neo4j-graph-algo), version: 2.1.7; revision: 2.1.7:2.1-maint:649/ed233fc1087f4549d1956b8ec4a504fe2f13a446
2015-03-31 23:20:23.428+0000 INFO  [org.neo4j]: --- STARTED diagnostics for KernelDiagnostics:Versions END ---
2015-03-31 23:20:23.430+0000 INFO  [org.neo4j]: --- STARTED diagnostics for NEO_STORE_VERSIONS START ---
2015-03-31 23:20:23.431+0000 INFO  [org.neo4j]: Store versions:
    Store versions:
      NeoStore v0.A.3
      SchemaStore v0.A.3
      NodeStore v0.A.3
      RelationshipStore v0.A.3
      RelationshipTypeStore v0.A.3
      LabelTokenStore v0.A.3
      PropertyStore v0.A.3
      PropertyIndexStore v0.A.3
      StringPropertyStore v0.A.3
      ArrayPropertyStore v0.A.3
      RelationshipGroupStore v0.A.3
2015-03-31 23:20:23.431+0000 INFO  [org.neo4j]: --- STARTED diagnostics for NEO_STORE_VERSIONS END ---
2015-03-31 23:20:23.431+0000 INFO  [org.neo4j]: --- STARTED diagnostics for NEO_STORE_ID_USAGE START ---
2015-03-31 23:20:23.431+0000 INFO  [org.neo4j]: Id usage:
    Id usage:
      SchemaStore: used=1 high=0
      NodeStore: used=0 high=-1
      RelationshipStore: used=0 high=-1
      RelationshipTypeStore: used=0 high=-1
      LabelTokenStore: used=0 high=-1
      PropertyStore: used=0 high=-1
      PropertyIndexStore: used=0 high=-1
      StringPropertyStore: used=1 high=0
      ArrayPropertyStore: used=1 high=0
      RelationshipGroupStore: used=1 high=0
2015-03-31 23:20:23.432+0000 INFO  [org.neo4j]: --- STARTED diagnostics for NEO_STORE_ID_USAGE END ---
2015-03-31 23:20:23.432+0000 INFO  [org.neo4j]: --- STARTED diagnostics for PERSISTENCE_WINDOW_POOL_STATS START ---
2015-03-31 23:20:23.432+0000 INFO  [org.neo4j]: --- STARTED diagnostics for PERSISTENCE_WINDOW_POOL_STATS END ---
2015-03-31 23:20:23.433+0000 INFO  [org.neo4j]: --- STARTED diagnostics for KernelDiagnostics:StoreFiles START ---
2015-03-31 23:20:23.433+0000 INFO  [org.neo4j]: Disk space on partition (Total / Free / Free %): 250140434432 / 150107316224 / 60
Storage files: (filename : modification date - size)
      active_tx_log: 2015-03-31T19:20:23-0400 - 11.00 B
      index:
        lucene-store.db: 2015-03-31T19:20:23-0400 - 40.00 B
        lucene.log.1: 2015-03-31T19:20:23-0400 - 16.00 B
        lucene.log.active: 2015-03-31T19:20:23-0400 - 4.00 B
      - Total: 2015-03-31T19:20:23-0400 - 60.00 B
      lock: 2015-03-31T19:20:23-0400 - 0.00 B
      messages.log: 2015-03-31T19:20:23-0400 - 22.79 kB
      neostore: 2015-03-31T19:20:23-0400 - 81.00 B
      neostore.id: 2015-03-31T19:20:23-0400 - 9.00 B
      neostore.labeltokenstore.db: 2015-03-31T19:20:23-0400 - 0.00 B
      neostore.labeltokenstore.db.id: 2015-03-31T19:20:23-0400 - 9.00 B
      neostore.labeltokenstore.db.names: 2015-03-31T19:20:23-0400 - 38.00 B
      neostore.labeltokenstore.db.names.id: 2015-03-31T19:20:23-0400 - 9.00 B
      neostore.nodestore.db: 2015-03-31T19:20:23-0400 - 0.00 B
      neostore.nodestore.db.id: 2015-03-31T19:20:23-0400 - 9.00 B
      neostore.nodestore.db.labels: 2015-03-31T19:20:23-0400 - 68.00 B
      neostore.nodestore.db.labels.id: 2015-03-31T19:20:23-0400 - 9.00 B
      neostore.propertystore.db: 2015-03-31T19:20:23-0400 - 0.00 B
      neostore.propertystore.db.arrays: 2015-03-31T19:20:23-0400 - 128.00 B
      neostore.propertystore.db.arrays.id: 2015-03-31T19:20:23-0400 - 9.00 B
      neostore.propertystore.db.id: 2015-03-31T19:20:23-0400 - 9.00 B
      neostore.propertystore.db.index: 2015-03-31T19:20:23-0400 - 0.00 B
      neostore.propertystore.db.index.id: 2015-03-31T19:20:23-0400 - 9.00 B
      neostore.propertystore.db.index.keys: 2015-03-31T19:20:23-0400 - 38.00 B
      neostore.propertystore.db.index.keys.id: 2015-03-31T19:20:23-0400 - 9.00 B
      neostore.propertystore.db.strings: 2015-03-31T19:20:23-0400 - 128.00 B
      neostore.propertystore.db.strings.id: 2015-03-31T19:20:23-0400 - 9.00 B
      neostore.relationshipgroupstore.db: 2015-03-31T19:20:23-0400 - 25.00 B
      neostore.relationshipgroupstore.db.id: 2015-03-31T19:20:23-0400 - 9.00 B
      neostore.relationshipstore.db: 2015-03-31T19:20:23-0400 - 0.00 B
      neostore.relationshipstore.db.id: 2015-03-31T19:20:23-0400 - 9.00 B
      neostore.relationshiptypestore.db: 2015-03-31T19:20:23-0400 - 0.00 B
      neostore.relationshiptypestore.db.id: 2015-03-31T19:20:23-0400 - 9.00 B
      neostore.relationshiptypestore.db.names: 2015-03-31T19:20:23-0400 - 38.00 B
      neostore.relationshiptypestore.db.names.id: 2015-03-31T19:20:23-0400 - 9.00 B
      neostore.schemastore.db: 2015-03-31T19:20:23-0400 - 64.00 B
      neostore.schemastore.db.id: 2015-03-31T19:20:23-0400 - 9.00 B
      nioneo_logical.log.1: 2015-03-31T19:20:23-0400 - 16.00 B
      nioneo_logical.log.active: 2015-03-31T19:20:23-0400 - 4.00 B
      schema:
        label:
          lucene:
            write.lock: 2015-03-31T19:20:23-0400 - 0.00 B
          - Total: 2015-03-31T19:20:23-0400 - 0.00 B
        - Total: 2015-03-31T19:20:23-0400 - 0.00 B
      - Total: 2015-03-31T19:20:23-0400 - 0.00 B
      store_lock: 2015-03-31T19:20:23-0400 - 0.00 B
      tm_tx_log.1: 2015-03-31T19:20:23-0400 - 0.00 B
2015-03-31 23:22:17.299+0000 INFO  [org.neo4j]: You are using an unsupported version of the Java runtime. Please use Oracle(R) Java(TM) Runtime Environment 7 or OpenJDK(TM) 7.
2015-03-31 23:22:17.329+0000 INFO  [org.neo4j]: No locking implementation specified, defaulting to 'community'
2015-03-31 23:22:17.402+0000 INFO  [org.neo4j]: --- INITIALIZED diagnostics START ---
2015-03-31 23:22:17.403+0000 INFO  [org.neo4j]: Neo4j Kernel properties:
    neostore.propertystore.db.strings.mapped_memory=501M
    ephemeral=false
    neostore.nodestore.db.mapped_memory=158M
    store_dir=neo4j-community-2.2.0/ir
    neostore.propertystore.db.arrays.mapped_memory=584M
    neostore.relationshipgroupstore.db.mapped_memory=0M
    neostore.propertystore.db.mapped_memory=572M
    neostore.relationshipstore.db.mapped_memory=677M
2015-03-31 23:22:17.405+0000 INFO  [org.neo4j]: Diagnostics providers:
    org.neo4j.kernel.configuration.Config
    org.neo4j.kernel.info.DiagnosticsManager
    SYSTEM_MEMORY
    JAVA_MEMORY
    OPERATING_SYSTEM
    JAVA_VIRTUAL_MACHINE
    CLASSPATH
    LIBRARY_PATH
    SYSTEM_PROPERTIES
    NETWORK
2015-03-31 23:22:17.406+0000 INFO  [org.neo4j]: System memory information:
    Total Physical memory: 8.00 GB
    Free Physical memory: 1.56 GB
    Committed virtual memory: 5.73 GB
    Total swap space: 1.00 GB
    Free swap space: 1.00 GB
2015-03-31 23:22:17.411+0000 INFO  [org.neo4j]: JVM memory information:
    Free  memory: 104.08 MB
    Total memory: 123.00 MB
    Max   memory: 1.78 GB
    Garbage Collector: PS Scavenge: [PS Eden Space, PS Survivor Space]
    Garbage Collector: PS MarkSweep: [PS Eden Space, PS Survivor Space, PS Old Gen]
    Memory Pool: Code Cache (Non-heap memory): committed=2.44 MB, used=2.29 MB, max=240.00 MB, threshold=0.00 B
    Memory Pool: Metaspace (Non-heap memory): committed=6.63 MB, used=6.32 MB, max=-1.00 B, threshold=0.00 B
    Memory Pool: Compressed Class Space (Non-heap memory): committed=896.00 kB, used=833.77 kB, max=1.00 GB, threshold=0.00 B
    Memory Pool: PS Eden Space (Heap memory): committed=32.50 MB, used=18.92 MB, max=672.50 MB, threshold=?
    Memory Pool: PS Survivor Space (Heap memory): committed=5.00 MB, used=0.00 B, max=5.00 MB, threshold=?
    Memory Pool: PS Old Gen (Heap memory): committed=85.50 MB, used=0.00 B, max=1.33 GB, threshold=0.00 B
2015-03-31 23:22:17.415+0000 INFO  [org.neo4j]: Operating system information:
    Operating System: Mac OS X; version: 10.9.5; arch: x86_64; cpus: 4
    Max number of file descriptors: 10240
    Number of open file descriptors: 43
    Process id: 2347@FuJuns-MacBook-Pro.local
    Byte order: LITTLE_ENDIAN
    Local timezone: America/New_York
2015-03-31 23:22:17.422+0000 INFO  [org.neo4j]: JVM information:
    VM Name: Java HotSpot(TM) 64-Bit Server VM
    VM Vendor: Oracle Corporation
    VM Version: 25.20-b23
    JIT compiler: HotSpot 64-Bit Tiered Compilers
    VM Arguments: [-Dfile.encoding=UTF-8]
2015-03-31 23:22:17.423+0000 INFO  [org.neo4j]: Java classpath:
     [loader.1] file:/System/Library/Java/Extensions/QTJava.zip
     [loader.1] file:/System/Library/Java/Extensions/libQTJNative.jnilib
     [classpath + loader.0] file:/Users/fujun/GitHub/TwitterQA/lib/lucene-core-3.6.2.jar
     [bootstrap] /Library/Java/JavaVirtualMachines/jdk1.8.0_20.jdk/Contents/Home/jre/lib/jfr.jar
     [bootstrap] /Library/Java/JavaVirtualMachines/jdk1.8.0_20.jdk/Contents/Home/jre/lib/rt.jar
     [classpath + loader.0] file:/Users/fujun/GitHub/TwitterQA/lib/neo4j-cypher-compiler-1.9-2.0.3.jar
     [bootstrap] /Library/Java/JavaVirtualMachines/jdk1.8.0_20.jdk/Contents/Home/jre/lib/jce.jar
     [classpath + loader.0] file:/Users/fujun/GitHub/TwitterQA/lib/twitter4j-core-4.0.2.jar
     [bootstrap] /Library/Java/JavaVirtualMachines/jdk1.8.0_20.jdk/Contents/Home/jre/lib/jsse.jar
     [loader.1] file:/Library/Java/JavaVirtualMachines/jdk1.8.0_20.jdk/Contents/Home/jre/lib/ext/localedata.jar
     [classpath + loader.0] file:/Users/fujun/GitHub/TwitterQA/lib/parboiled-core-1.1.6.jar
     [classpath + loader.0] file:/Users/fujun/GitHub/TwitterQA/lib/neo4j-kernel-2.1.7.jar
     [classpath + loader.0] file:/Users/fujun/GitHub/TwitterQA/lib/twitter4j-stream-4.0.2.jar
     [loader.1] file:/Library/Java/JavaVirtualMachines/jdk1.8.0_20.jdk/Contents/Home/jre/lib/ext/cldrdata.jar
     [loader.1] file:/System/Library/Java/Extensions/vecmath.jar
     [classpath + loader.0] file:/Users/fujun/GitHub/TwitterQA/lib/opencsv-2.3.jar
     [classpath + loader.0] file:/Users/fujun/GitHub/TwitterQA/lib/neo4j-jmx-2.1.7.jar
     [loader.1] file:/Library/Java/JavaVirtualMachines/jdk1.8.0_20.jdk/Contents/Home/jre/lib/ext/sunpkcs11.jar
     [loader.1] file:/System/Library/Java/Extensions/libJ3D.jnilib
     [classpath + loader.0] file:/Users/fujun/GitHub/TwitterQA/lib/server-api-2.1.7.jar
     [loader.1] file:/Library/Java/JavaVirtualMachines/jdk1.8.0_20.jdk/Contents/Home/jre/lib/ext/dnsns.jar
     [classpath + loader.0] file:/Users/fujun/GitHub/TwitterQA/lib/scala-library-2.10.4.jar
     [classpath + loader.0] file:/Users/fujun/GitHub/TwitterQA/lib/geronimo-jta_1.1_spec-1.1.1.jar
     [loader.1] file:/System/Library/Java/Extensions/libAppleScriptEngine.jnilib
     [classpath + loader.0] file:/Users/fujun/GitHub/TwitterQA/lib/neo4j-cypher-commons-2.1.7.jar
     [classpath + loader.0] file:/Users/fujun/GitHub/TwitterQA/lib/neo4j-graph-algo-2.1.7.jar
     [classpath + loader.0] file:/Users/fujun/GitHub/TwitterQA/lib/org.apache.servicemix.bundles.jline-0.9.94_1.jar
     [loader.1] file:/System/Library/Java/Extensions/dns_sd.jar
     [loader.1] file:/System/Library/Java/Extensions/MRJToolkit.jar
     [classpath + loader.0] file:/Users/fujun/GitHub/TwitterQA/lib/neo4j-cypher-compiler-2.0-2.0.3.jar
     [bootstrap] /Library/Java/JavaVirtualMachines/jdk1.8.0_20.jdk/Contents/Home/jre/lib/charsets.jar
     [loader.1] file:/Library/Java/JavaVirtualMachines/jdk1.8.0_20.jdk/Contents/Home/jre/lib/ext/jfxrt.jar
     [loader.1] file:/Library/Java/JavaVirtualMachines/jdk1.8.0_20.jdk/Contents/Home/jre/lib/ext/zipfs.jar
     [loader.1] file:/System/Library/Java/Extensions/mlibwrapper_jai.jar
     [classpath + loader.0] file:/Users/fujun/GitHub/TwitterQA/lib/neo4j-cypher-compiler-2.1-2.1.7.jar
     [loader.1] file:/System/Library/Java/Extensions/libJ3DUtils.jnilib
     [loader.1] file:/System/Library/Java/Extensions/j3daudio.jar
     [loader.1] file:/System/Library/Java/Extensions/AppleScriptEngine.jar
     [loader.1] file:/System/Library/Java/Extensions/j3dutils.jar
     [loader.1] file:/System/Library/Java/Extensions/jai_codec.jar
     [classpath + loader.0] file:/Users/fujun/GitHub/TwitterQA/lib/neo4j-cypher-2.1.7.jar
     [loader.1] file:/Library/Java/JavaVirtualMachines/jdk1.8.0_20.jdk/Contents/Home/jre/lib/ext/sunjce_provider.jar
     [classpath + loader.0] file:/Users/fujun/GitHub/TwitterQA/lib/neo4j-primitive-collections-2.1.7.jar
     [classpath + loader.0] file:/Users/fujun/GitHub/TwitterQA/lib/neo4j-shell-2.1.7.jar
     [classpath + loader.0] file:/Users/fujun/GitHub/TwitterQA/lib/concurrentlinkedhashmap-lru-1.3.1.jar
     [classpath + loader.0] file:/Users/fujun/GitHub/TwitterQA/lib/neo4j-udc-2.1.7.jar
     [bootstrap] /Library/Java/JavaVirtualMachines/jdk1.8.0_20.jdk/Contents/Home/jre/lib/sunrsasign.jar
     [loader.1] file:/usr/lib/java/libjdns_sd.jnilib
     [loader.1] file:/System/Library/Java/Extensions/libmlib_jai.jnilib
     [loader.1] file:/Library/Java/JavaVirtualMachines/jdk1.8.0_20.jdk/Contents/Home/jre/lib/ext/nashorn.jar
     [bootstrap] /Library/Java/JavaVirtualMachines/jdk1.8.0_20.jdk/Contents/Home/jre/classes
     [classpath + loader.0] file:/Users/fujun/GitHub/TwitterQA/bin/
     [classpath + loader.0] file:/Users/fujun/GitHub/TwitterQA/lib/parboiled-scala_2.10-1.1.6.jar
     [loader.1] file:/Library/Java/JavaVirtualMachines/jdk1.8.0_20.jdk/Contents/Home/jre/lib/ext/sunec.jar
     [bootstrap] /Library/Java/JavaVirtualMachines/jdk1.8.0_20.jdk/Contents/Home/jre/lib/resources.jar
     [loader.1] file:/System/Library/Java/Extensions/libJ3DAudio.jnilib
     [classpath + loader.0] file:/Users/fujun/GitHub/TwitterQA/lib/neo4j-graph-matching-2.1.7.jar
     [classpath + loader.0] file:/Users/fujun/GitHub/TwitterQA/lib/neo4j-lucene-index-2.1.7.jar
     [loader.1] file:/System/Library/Java/Extensions/j3dcore.jar
     [loader.1] file:/System/Library/Java/Extensions/jai_core.jar
2015-03-31 23:22:17.424+0000 INFO  [org.neo4j]: Library path:
    /Users/fujun/Library/Java/Extensions
    /Library/Java/Extensions
    /Network/Library/Java/Extensions
    /System/Library/Java/Extensions
    /usr/lib/java
    /Users/fujun/GitHub/TwitterQA
2015-03-31 23:22:17.425+0000 INFO  [org.neo4j]: System.properties:
    sun.boot.library.path = /Library/Java/JavaVirtualMachines/jdk1.8.0_20.jdk/Contents/Home/jre/lib
    gopherProxySet = false
    path.separator = :
    file.encoding.pkg = sun.io
    user.country = US
    sun.java.launcher = SUN_STANDARD
    sun.os.patch.level = unknown
    user.dir = /Users/fujun/GitHub/TwitterQA
    sun.jnu.encoding = UTF-8
    sun.management.compiler = HotSpot 64-Bit Tiered Compilers
    http.nonProxyHosts = local|*.local|169.254/16|*.169.254/16
    user.home = /Users/fujun
    user.timezone = America/New_York
    file.encoding = UTF-8
    user.name = fujun
    sun.java.command = qa.datahelper.test
    sun.arch.data.model = 64
    user.language = en
    awt.toolkit = sun.lwawt.macosx.LWCToolkit
    file.separator = /
    sun.io.unicode.encoding = UnicodeBig
    sun.cpu.endian = little
    socksNonProxyHosts = local|*.local|169.254/16|*.169.254/16
    ftp.nonProxyHosts = local|*.local|169.254/16|*.169.254/16
    sun.cpu.isalist = 
2015-03-31 23:22:17.425+0000 INFO  [org.neo4j]: Network information:
    Interface en0:
        address: fe80:0:0:0:82e6:50ff:fe04:e5b0%en0
        address: 150.212.241.210
    Interface lo0:
        address: fe80:0:0:0:0:0:0:1%lo0
        address: 0:0:0:0:0:0:0:1
        address: 127.0.0.1
2015-03-31 23:22:17.428+0000 INFO  [org.neo4j]: --- INITIALIZED diagnostics END ---
2015-03-31 23:22:17.602+0000 INFO  [org.neo4j]: neo4j-community-2.2.0/ir/neostore.relationshiptypestore.db.names non clean shutdown detected
2015-03-31 23:22:17.607+0000 INFO  [org.neo4j]: [neo4j-community-2.2.0/ir/neostore.relationshiptypestore.db.names] brickCount=0 brickSize=0b mappedMem=0b (storeSize=76b)
2015-03-31 23:22:17.608+0000 INFO  [org.neo4j]: neo4j-community-2.2.0/ir/neostore.relationshiptypestore.db non clean shutdown detected
2015-03-31 23:22:17.608+0000 INFO  [org.neo4j]: [neo4j-community-2.2.0/ir/neostore.relationshiptypestore.db] brickCount=0 brickSize=0b mappedMem=0b (storeSize=5b)
2015-03-31 23:22:17.609+0000 INFO  [org.neo4j]: neo4j-community-2.2.0/ir/neostore.labeltokenstore.db.names non clean shutdown detected
2015-03-31 23:22:17.609+0000 INFO  [org.neo4j]: [neo4j-community-2.2.0/ir/neostore.labeltokenstore.db.names] brickCount=0 brickSize=0b mappedMem=0b (storeSize=114b)
2015-03-31 23:22:17.610+0000 INFO  [org.neo4j]: neo4j-community-2.2.0/ir/neostore.labeltokenstore.db non clean shutdown detected
2015-03-31 23:22:17.610+0000 INFO  [org.neo4j]: [neo4j-community-2.2.0/ir/neostore.labeltokenstore.db] brickCount=0 brickSize=0b mappedMem=0b (storeSize=10b)
2015-03-31 23:22:17.610+0000 INFO  [org.neo4j]: neo4j-community-2.2.0/ir/neostore.propertystore.db.strings non clean shutdown detected
2015-03-31 23:22:17.611+0000 INFO  [org.neo4j]: [neo4j-community-2.2.0/ir/neostore.propertystore.db.strings] brickCount=0 brickSize=525312b mappedMem=525336576b (storeSize=128b)
2015-03-31 23:22:17.611+0000 INFO  [org.neo4j]: neo4j-community-2.2.0/ir/neostore.propertystore.db.index.keys non clean shutdown detected
2015-03-31 23:22:17.611+0000 INFO  [org.neo4j]: [neo4j-community-2.2.0/ir/neostore.propertystore.db.index.keys] brickCount=0 brickSize=0b mappedMem=0b (storeSize=152b)
2015-03-31 23:22:17.612+0000 INFO  [org.neo4j]: neo4j-community-2.2.0/ir/neostore.propertystore.db.index non clean shutdown detected
2015-03-31 23:22:17.612+0000 INFO  [org.neo4j]: [neo4j-community-2.2.0/ir/neostore.propertystore.db.index] brickCount=0 brickSize=0b mappedMem=0b (storeSize=27b)
2015-03-31 23:22:17.613+0000 INFO  [org.neo4j]: neo4j-community-2.2.0/ir/neostore.propertystore.db.arrays non clean shutdown detected
2015-03-31 23:22:17.613+0000 INFO  [org.neo4j]: [neo4j-community-2.2.0/ir/neostore.propertystore.db.arrays] brickCount=0 brickSize=612352b mappedMem=612368384b (storeSize=128b)
2015-03-31 23:22:18.247+0000 INFO  [org.neo4j]: neo4j-community-2.2.0/ir/neostore.propertystore.db non clean shutdown detected
2015-03-31 23:22:18.248+0000 INFO  [org.neo4j]: [neo4j-community-2.2.0/ir/neostore.propertystore.db] brickCount=10 brickSize=599748b mappedMem=599785472b (storeSize=5997849b)
2015-03-31 23:22:18.249+0000 INFO  [org.neo4j]: neo4j-community-2.2.0/ir/neostore.relationshipstore.db non clean shutdown detected
2015-03-31 23:22:18.249+0000 INFO  [org.neo4j]: [neo4j-community-2.2.0/ir/neostore.relationshipstore.db] brickCount=0 brickSize=7098826b mappedMem=709885952b (storeSize=0b)
2015-03-31 23:22:18.250+0000 INFO  [org.neo4j]: neo4j-community-2.2.0/ir/neostore.nodestore.db.labels non clean shutdown detected
2015-03-31 23:22:18.250+0000 INFO  [org.neo4j]: [neo4j-community-2.2.0/ir/neostore.nodestore.db.labels] brickCount=0 brickSize=0b mappedMem=0b (storeSize=68b)
2015-03-31 23:22:18.501+0000 INFO  [org.neo4j]: neo4j-community-2.2.0/ir/neostore.nodestore.db non clean shutdown detected
2015-03-31 23:22:18.501+0000 INFO  [org.neo4j]: [neo4j-community-2.2.0/ir/neostore.nodestore.db] brickCount=10 brickSize=165675b mappedMem=165675008b (storeSize=1656750b)
2015-03-31 23:22:18.502+0000 INFO  [org.neo4j]: neo4j-community-2.2.0/ir/neostore.schemastore.db non clean shutdown detected
2015-03-31 23:22:18.502+0000 INFO  [org.neo4j]: [neo4j-community-2.2.0/ir/neostore.schemastore.db] brickCount=0 brickSize=0b mappedMem=0b (storeSize=64b)
2015-03-31 23:22:18.504+0000 INFO  [org.neo4j]: neo4j-community-2.2.0/ir/neostore.relationshipgroupstore.db non clean shutdown detected
2015-03-31 23:22:18.504+0000 INFO  [org.neo4j]: [neo4j-community-2.2.0/ir/neostore.relationshipgroupstore.db] brickCount=0 brickSize=0b mappedMem=0b (storeSize=25b)
2015-03-31 23:22:18.504+0000 INFO  [org.neo4j]: neo4j-community-2.2.0/ir/neostore non clean shutdown detected
2015-03-31 23:22:18.505+0000 INFO  [org.neo4j]: [neo4j-community-2.2.0/ir/neostore] brickCount=0 brickSize=0b mappedMem=0b (storeSize=81b)
2015-03-31 23:22:18.575+0000 INFO  [org.neo4j]: No lucene scan store index found, this might just be first use. Preparing to rebuild.
2015-03-31 23:22:18.644+0000 INFO  [org.neo4j]: Non clean shutdown detected on log [neo4j-community-2.2.0/ir/nioneo_logical.log.1]. Recovery started ...
2015-03-31 23:22:18.645+0000 INFO  [org.neo4j]: [neo4j-community-2.2.0/ir/nioneo_logical.log.1] logVersion=0 with committed tx=1
2015-03-31 23:22:18.781+0000 INFO  [org.neo4j]: [neo4j-community-2.2.0/ir/nioneo_logical.log.1] entries found=28 lastEntryPos=1167
2015-03-31 23:22:18.781+0000 INFO  [org.neo4j]: Opened logical log [neo4j-community-2.2.0/ir/nioneo_logical.log.1] version=0, lastTxId=8 (recovered)
2015-03-31 23:22:18.781+0000 INFO  [org.neo4j]: XaResourceManager[nioneo_logical.log] sorting 1 xids
2015-03-31 23:22:18.783+0000 INFO  [org.neo4j]: XaResourceManager[nioneo_logical.log] checkRecoveryComplete 0 xids
2015-03-31 23:22:18.788+0000 INFO  [org.neo4j]: neo4j-community-2.2.0/ir/neostore.relationshiptypestore.db.names rebuild id generator, highId=2 defragged count=0
2015-03-31 23:22:18.789+0000 INFO  [org.neo4j]: neo4j-community-2.2.0/ir/neostore.relationshiptypestore.db rebuild id generator, highId=1 defragged count=0
2015-03-31 23:22:18.791+0000 INFO  [org.neo4j]: neo4j-community-2.2.0/ir/neostore.labeltokenstore.db.names rebuild id generator, highId=3 defragged count=0
2015-03-31 23:22:18.792+0000 INFO  [org.neo4j]: neo4j-community-2.2.0/ir/neostore.labeltokenstore.db rebuild id generator, highId=2 defragged count=0
2015-03-31 23:22:18.793+0000 INFO  [org.neo4j]: neo4j-community-2.2.0/ir/neostore.propertystore.db.index.keys rebuild id generator, highId=4 defragged count=0
2015-03-31 23:22:18.794+0000 INFO  [org.neo4j]: neo4j-community-2.2.0/ir/neostore.propertystore.db.index rebuild id generator, highId=3 defragged count=0
2015-03-31 23:22:18.794+0000 INFO  [org.neo4j]: neo4j-community-2.2.0/ir/neostore.propertystore.db.strings rebuild id generator, highId=1 defragged count=0
2015-03-31 23:22:18.795+0000 INFO  [org.neo4j]: neo4j-community-2.2.0/ir/neostore.propertystore.db.arrays rebuild id generator, highId=1 defragged count=0
2015-03-31 23:22:19.181+0000 INFO  [org.neo4j]: neo4j-community-2.2.0/ir/neostore.propertystore.db rebuild id generator, highId=1 defragged count=0
2015-03-31 23:22:19.182+0000 INFO  [org.neo4j]: neo4j-community-2.2.0/ir/neostore.relationshipstore.db rebuild id generator, highId=0 defragged count=0
2015-03-31 23:22:19.183+0000 INFO  [org.neo4j]: neo4j-community-2.2.0/ir/neostore.nodestore.db.labels rebuild id generator, highId=1 defragged count=0
2015-03-31 23:22:19.449+0000 INFO  [org.neo4j]: neo4j-community-2.2.0/ir/neostore.nodestore.db rebuild id generator, highId=1 defragged count=0
2015-03-31 23:22:19.450+0000 INFO  [org.neo4j]: neo4j-community-2.2.0/ir/neostore.schemastore.db rebuild id generator, highId=1 defragged count=0
2015-03-31 23:22:19.451+0000 INFO  [org.neo4j]: neo4j-community-2.2.0/ir/neostore.relationshipgroupstore.db rebuild id generator, highId=1 defragged count=0
2015-03-31 23:22:19.452+0000 INFO  [org.neo4j]: neo4j-community-2.2.0/ir/neostore rebuild id generator, highId=9 defragged count=0
2015-03-31 23:22:19.452+0000 INFO  [org.neo4j]: XaResourceManager[nioneo_logical.log] recovery completed.
2015-03-31 23:22:19.452+0000 INFO  [org.neo4j]: Recovery on log [neo4j-community-2.2.0/ir/nioneo_logical.log.1] completed.
2015-03-31 23:22:19.453+0000 INFO  [org.neo4j]: Rebuilding lucene scan store, this may take a while
2015-03-31 23:22:19.465+0000 INFO  [org.neo4j]: Lucene scan store rebuilt (roughly 0 nodes)
2015-03-31 23:22:19.467+0000 INFO  [org.neo4j]: TM opening log: neo4j-community-2.2.0/ir/tm_tx_log.1
2015-03-31 23:22:19.478+0000 INFO  [org.neo4j]: Kernel health set to OK
2015-03-31 23:22:19.487+0000 INFO  [org.neo4j]: Non clean shutdown detected on log [neo4j-community-2.2.0/ir/index/lucene.log.1]. Recovery started ...
2015-03-31 23:22:19.487+0000 INFO  [org.neo4j]: [neo4j-community-2.2.0/ir/index/lucene.log.1] logVersion=0 with committed tx=1
2015-03-31 23:22:19.487+0000 INFO  [org.neo4j]: [neo4j-community-2.2.0/ir/index/lucene.log.1] entries found=0 lastEntryPos=16
2015-03-31 23:22:19.487+0000 INFO  [org.neo4j]: Opened logical log [neo4j-community-2.2.0/ir/index/lucene.log.1] version=0, lastTxId=-1 (recovered)
2015-03-31 23:22:19.487+0000 INFO  [org.neo4j]: XaResourceManager[lucene.log] sorting 0 xids
2015-03-31 23:22:19.488+0000 INFO  [org.neo4j]: XaResourceManager[lucene.log] checkRecoveryComplete 0 xids
2015-03-31 23:22:19.488+0000 INFO  [org.neo4j]: XaResourceManager[lucene.log] recovery completed.
2015-03-31 23:22:19.488+0000 INFO  [org.neo4j]: Recovery on log [neo4j-community-2.2.0/ir/index/lucene.log.1] completed.
2015-03-31 23:22:19.500+0000 INFO  [org.neo4j]: --- STARTED diagnostics for KernelDiagnostics:Versions START ---
2015-03-31 23:22:19.501+0000 INFO  [org.neo4j]: Graph Database: org.neo4j.kernel.EmbeddedGraphDatabase StoreId{creationTime=1427844023155, randomId=-6808318319447298137, storeVersion=14406081294923270, upgradeTime=1427844023155, upgradeId=-6808318319447298137}
2015-03-31 23:22:19.501+0000 INFO  [org.neo4j]: Kernel version: Neo4j - Graph Database Kernel (neo4j-kernel), version: 2.1.7
2015-03-31 23:22:19.501+0000 INFO  [org.neo4j]: Neo4j component versions:
2015-03-31 23:22:19.505+0000 INFO  [org.neo4j]:   Neo4j - Cypher Compiler 1.9 (neo4j-cypher-compiler-1.9), version: 2.0.3; revision: 2.0.3:2.0-maint:72/307c563c11b75fdc71cfa6df05daf9b08d6c37dc
2015-03-31 23:22:19.505+0000 INFO  [org.neo4j]:   Neo4j - Cypher Commons (neo4j-cypher-commons), version: 2.1.7; revision: 2.1.7:2.1-maint:649/ed233fc1087f4549d1956b8ec4a504fe2f13a446
2015-03-31 23:22:19.505+0000 INFO  [org.neo4j]:   Neo4j Server API (server-api), version: 2.1.7; revision: 2.1.7:2.1-maint:649/ed233fc1087f4549d1956b8ec4a504fe2f13a446
2015-03-31 23:22:19.505+0000 INFO  [org.neo4j]:   Neo4j - Graph Database Kernel (neo4j-kernel), version: 2.1.7; revision: 2.1.7:2.1-maint:649/ed233fc1087f4549d1956b8ec4a504fe2f13a446
2015-03-31 23:22:19.505+0000 INFO  [org.neo4j]:   Neo4j - Cypher Compiler 2.1 (neo4j-cypher-compiler-2.1), version: 2.1.7; revision: 2.1.7:2.1-maint:649/ed233fc1087f4549d1956b8ec4a504fe2f13a446
2015-03-31 23:22:19.505+0000 INFO  [org.neo4j]:   Neo4j - Generic shell (neo4j-shell), version: 2.1.7; revision: 2.1.7:2.1-maint:649/ed233fc1087f4549d1956b8ec4a504fe2f13a446
2015-03-31 23:22:19.505+0000 INFO  [org.neo4j]:   neo4j-udc, version: 2.1.7; revision: 2.1.7:2.1-maint:649/ed233fc1087f4549d1956b8ec4a504fe2f13a446
2015-03-31 23:22:19.505+0000 INFO  [org.neo4j]:   Neo4j - Lucene Index (neo4j-lucene-index), version: 2.1.7; revision: 2.1.7:2.1-maint:649/ed233fc1087f4549d1956b8ec4a504fe2f13a446
2015-03-31 23:22:19.505+0000 INFO  [org.neo4j]:   Neo4j - Cypher Compiler 2.0 (neo4j-cypher-compiler-2.0), version: 2.0.3; revision: 2.0.3:2.0-maint:72/307c563c11b75fdc71cfa6df05daf9b08d6c37dc
2015-03-31 23:22:19.505+0000 INFO  [org.neo4j]:   Neo4j - Graph Matching (neo4j-graph-matching), version: 2.1.7; revision: 2.1.7:2.1-maint:649/ed233fc1087f4549d1956b8ec4a504fe2f13a446
2015-03-31 23:22:19.506+0000 INFO  [org.neo4j]:   Neo4j - JMX support (neo4j-jmx), version: 2.1.7; revision: 2.1.7:2.1-maint:649/ed233fc1087f4549d1956b8ec4a504fe2f13a446
2015-03-31 23:22:19.506+0000 INFO  [org.neo4j]:   Neo4j - Cypher (neo4j-cypher), version: 2.1.7; revision: 2.1.7:2.1-maint:649/ed233fc1087f4549d1956b8ec4a504fe2f13a446
2015-03-31 23:22:19.506+0000 INFO  [org.neo4j]:   Neo4j - Graph Algorithms (neo4j-graph-algo), version: 2.1.7; revision: 2.1.7:2.1-maint:649/ed233fc1087f4549d1956b8ec4a504fe2f13a446
2015-03-31 23:22:19.506+0000 INFO  [org.neo4j]: --- STARTED diagnostics for KernelDiagnostics:Versions END ---
2015-03-31 23:22:19.507+0000 INFO  [org.neo4j]: --- STARTED diagnostics for NEO_STORE_VERSIONS START ---
2015-03-31 23:22:19.507+0000 INFO  [org.neo4j]: Store versions:
    Store versions:
      NeoStore v0.A.3
      SchemaStore v0.A.3
      NodeStore v0.A.3
      RelationshipStore v0.A.3
      RelationshipTypeStore v0.A.3
      LabelTokenStore v0.A.3
      PropertyStore v0.A.3
      PropertyIndexStore v0.A.3
      StringPropertyStore v0.A.3
      ArrayPropertyStore v0.A.3
      RelationshipGroupStore v0.A.3
2015-03-31 23:22:19.507+0000 INFO  [org.neo4j]: --- STARTED diagnostics for NEO_STORE_VERSIONS END ---
2015-03-31 23:22:19.508+0000 INFO  [org.neo4j]: --- STARTED diagnostics for NEO_STORE_ID_USAGE START ---
2015-03-31 23:22:19.508+0000 INFO  [org.neo4j]: Id usage:
    Id usage:
      SchemaStore: used=1 high=0
      NodeStore: used=1 high=0
      RelationshipStore: used=0 high=-1
      RelationshipTypeStore: used=1 high=0
      LabelTokenStore: used=2 high=1
      PropertyStore: used=1 high=0
      PropertyIndexStore: used=3 high=2
      StringPropertyStore: used=1 high=0
      ArrayPropertyStore: used=1 high=0
      RelationshipGroupStore: used=1 high=0
2015-03-31 23:22:19.508+0000 INFO  [org.neo4j]: --- STARTED diagnostics for NEO_STORE_ID_USAGE END ---
2015-03-31 23:22:19.508+0000 INFO  [org.neo4j]: --- STARTED diagnostics for PERSISTENCE_WINDOW_POOL_STATS START ---
2015-03-31 23:22:19.508+0000 INFO  [org.neo4j]: --- STARTED diagnostics for PERSISTENCE_WINDOW_POOL_STATS END ---
2015-03-31 23:22:19.509+0000 INFO  [org.neo4j]: --- STARTED diagnostics for KernelDiagnostics:StoreFiles START ---
2015-03-31 23:22:19.509+0000 INFO  [org.neo4j]: Disk space on partition (Total / Free / Free %): 250140434432 / 150099521536 / 60
Storage files: (filename : modification date - size)
      active_tx_log: 2015-03-31T19:20:23-0400 - 11.00 B
      index:
        lucene-store.db: 2015-03-31T19:20:23-0400 - 40.00 B
        lucene.log.1: 2015-03-31T19:20:23-0400 - 16.00 B
        lucene.log.active: 2015-03-31T19:20:23-0400 - 4.00 B
      - Total: 2015-03-31T19:20:23-0400 - 60.00 B
      lock: 2015-03-31T19:20:23-0400 - 0.00 B
      messages.log: 2015-03-31T19:22:19-0400 - 49.28 kB
      neostore: 2015-03-31T19:22:19-0400 - 81.00 B
      neostore.id: 2015-03-31T19:22:19-0400 - 9.00 B
      neostore.labeltokenstore.db: 2015-03-31T19:22:18-0400 - 10.00 B
      neostore.labeltokenstore.db.id: 2015-03-31T19:22:18-0400 - 9.00 B
      neostore.labeltokenstore.db.names: 2015-03-31T19:22:18-0400 - 114.00 B
      neostore.labeltokenstore.db.names.id: 2015-03-31T19:22:18-0400 - 9.00 B
      neostore.nodestore.db: 2015-03-31T19:22:18-0400 - 1.58 MB
      neostore.nodestore.db.id: 2015-03-31T19:22:19-0400 - 9.00 B
      neostore.nodestore.db.labels: 2015-03-31T19:20:23-0400 - 68.00 B
      neostore.nodestore.db.labels.id: 2015-03-31T19:22:19-0400 - 9.00 B
      neostore.propertystore.db: 2015-03-31T19:22:18-0400 - 5.72 MB
      neostore.propertystore.db.arrays: 2015-03-31T19:20:23-0400 - 128.00 B
      neostore.propertystore.db.arrays.id: 2015-03-31T19:22:18-0400 - 9.00 B
      neostore.propertystore.db.id: 2015-03-31T19:22:18-0400 - 9.00 B
      neostore.propertystore.db.index: 2015-03-31T19:22:18-0400 - 27.00 B
      neostore.propertystore.db.index.id: 2015-03-31T19:22:18-0400 - 9.00 B
      neostore.propertystore.db.index.keys: 2015-03-31T19:22:18-0400 - 152.00 B
      neostore.propertystore.db.index.keys.id: 2015-03-31T19:22:18-0400 - 9.00 B
      neostore.propertystore.db.strings: 2015-03-31T19:20:23-0400 - 128.00 B
      neostore.propertystore.db.strings.id: 2015-03-31T19:22:18-0400 - 9.00 B
      neostore.relationshipgroupstore.db: 2015-03-31T19:20:23-0400 - 25.00 B
      neostore.relationshipgroupstore.db.id: 2015-03-31T19:22:19-0400 - 9.00 B
      neostore.relationshipstore.db: 2015-03-31T19:20:23-0400 - 0.00 B
      neostore.relationshipstore.db.id: 2015-03-31T19:22:19-0400 - 9.00 B
      neostore.relationshiptypestore.db: 2015-03-31T19:22:18-0400 - 5.00 B
      neostore.relationshiptypestore.db.id: 2015-03-31T19:22:18-0400 - 9.00 B
      neostore.relationshiptypestore.db.names: 2015-03-31T19:22:18-0400 - 76.00 B
      neostore.relationshiptypestore.db.names.id: 2015-03-31T19:22:18-0400 - 9.00 B
      neostore.schemastore.db: 2015-03-31T19:20:23-0400 - 64.00 B
      neostore.schemastore.db.id: 2015-03-31T19:22:19-0400 - 9.00 B
      nioneo_logical.log.1: 2015-03-31T19:22:19-0400 - 1.15 kB
      nioneo_logical.log.active: 2015-03-31T19:20:23-0400 - 4.00 B
      schema:
        label:
          lucene:
            _0.cfs: 2015-03-31T19:22:18-0400 - 225.00 B
            _1.cfs: 2015-03-31T19:22:19-0400 - 225.00 B
            segments.gen: 2015-03-31T19:22:18-0400 - 20.00 B
            segments_1: 2015-03-31T19:22:18-0400 - 243.00 B
            write.lock: 2015-03-31T19:22:18-0400 - 0.00 B
          - Total: 2015-03-31T19:22:19-0400 - 713.00 B
        - Total: 2015-03-31T19:22:18-0400 - 713.00 B
      - Total: 2015-03-31T19:20:23-0400 - 713.00 B
      store_lock: 2015-03-31T19:20:23-0400 - 0.00 B
      tm_tx_log.1: 2015-03-31T19:20:23-0400 - 0.00 B
2015-03-31 23:22:19.517+0000 INFO  [org.neo4j]: --- STARTED diagnostics for KernelDiagnostics:StoreFiles END ---
2015-03-31 23:22:19.531+0000 INFO  [org.neo4j]: Database is now ready
2015-03-31 23:22:19.610+0000 INFO  [org.neo4j]: Shutdown started
2015-03-31 23:22:19.611+0000 INFO  [org.neo4j]: Database is now unavailable
2015-03-31 23:22:19.613+0000 INFO  [org.neo4j]: Closed log neo4j-community-2.2.0/ir/index/lucene.log
2015-03-31 23:22:19.614+0000 INFO  [org.neo4j]: TM shutting down
2015-03-31 23:22:19.616+0000 INFO  [org.neo4j]: Closed log neo4j-community-2.2.0/ir/nioneo_logical.log
2015-03-31 23:22:19.617+0000 INFO  [org.neo4j]: neo4j-community-2.2.0/ir/neostore.relationshiptypestore.db.names hit=0 miss=7 switches=0 ooe=0
2015-03-31 23:22:19.619+0000 INFO  [org.neo4j]: neo4j-community-2.2.0/ir/neostore.relationshiptypestore.db hit=0 miss=5 switches=0 ooe=0
2015-03-31 23:22:19.619+0000 INFO  [org.neo4j]: neo4j-community-2.2.0/ir/neostore.labeltokenstore.db.names hit=0 miss=10 switches=0 ooe=0
2015-03-31 23:22:19.619+0000 INFO  [org.neo4j]: neo4j-community-2.2.0/ir/neostore.labeltokenstore.db hit=0 miss=6 switches=0 ooe=0
2015-03-31 23:22:19.620+0000 INFO  [org.neo4j]: neo4j-community-2.2.0/ir/neostore.propertystore.db.strings hit=0 miss=0 switches=0 ooe=0
2015-03-31 23:22:19.620+0000 INFO  [org.neo4j]: neo4j-community-2.2.0/ir/neostore.propertystore.db.index.keys hit=0 miss=15 switches=0 ooe=0
2015-03-31 23:22:19.621+0000 INFO  [org.neo4j]: neo4j-community-2.2.0/ir/neostore.propertystore.db.index hit=0 miss=9 switches=0 ooe=0
2015-03-31 23:22:19.621+0000 INFO  [org.neo4j]: neo4j-community-2.2.0/ir/neostore.propertystore.db.arrays hit=0 miss=0 switches=0 ooe=0
2015-03-31 23:22:19.622+0000 INFO  [org.neo4j]: neo4j-community-2.2.0/ir/neostore.propertystore.db hit=0 miss=9 switches=0 ooe=0
2015-03-31 23:22:19.624+0000 INFO  [org.neo4j]: neo4j-community-2.2.0/ir/neostore.relationshipstore.db hit=10 miss=0 switches=0 ooe=0
2015-03-31 23:22:19.625+0000 INFO  [org.neo4j]: neo4j-community-2.2.0/ir/neostore.nodestore.db.labels hit=0 miss=0 switches=0 ooe=0
2015-03-31 23:22:19.626+0000 INFO  [org.neo4j]: neo4j-community-2.2.0/ir/neostore.nodestore.db hit=0 miss=14 switches=0 ooe=0
2015-03-31 23:22:19.627+0000 INFO  [org.neo4j]: neo4j-community-2.2.0/ir/neostore.schemastore.db hit=0 miss=1 switches=0 ooe=0
2015-03-31 23:22:19.627+0000 INFO  [org.neo4j]: neo4j-community-2.2.0/ir/neostore.relationshipgroupstore.db hit=0 miss=0 switches=0 ooe=0
2015-03-31 23:22:19.628+0000 INFO  [org.neo4j]: neo4j-community-2.2.0/ir/neostore hit=0 miss=33 switches=0 ooe=0
2015-03-31 23:22:19.629+0000 INFO  [org.neo4j]: NeoStore closed
2015-03-31 23:22:19.629+0000 INFO  [org.neo4j]: --- STOPPING diagnostics START ---
2015-03-31 23:22:19.629+0000 INFO  [org.neo4j]: --- STOPPING diagnostics END ---
